{"meta": {"format": 3, "version": "7.14.1", "timestamp": "2026-06-13T05:58:52.272905", "branch_coverage": true, "show_contexts": false}, "files": {"src/operations_center/observer/__init__.py": {"executed_lines": [], "summary": {"covered_lines": 0, "num_statements": 23, "percent_covered": 0.0, "percent_covered_display": "0.00", "missing_lines": 23, "excluded_lines": 0, "percent_statements_covered": 0.0, "percent_statements_covered_display": "0.00", "num_branches": 0, "num_partial_branches": 0, "covered_branches": 0, "missing_branches": 0, "percent_branches_covered": 100.0, "percent_branches_covered_display": "100.00"}, "missing_lines": [3, 11, 12, 19, 25, 36, 37, 45, 46, 47, 51, 56, 65, 69, 70, 71, 72, 73, 78, 79, 85, 90, 96], "excluded_lines": [], "executed_branches": [], "missing_branches": [], "functions": {"": {"executed_lines": [], "summary": {"covered_lines": 0, "num_statements": 23, "percent_covered": 0.0, "percent_covered_display": "0.00", "missing_lines": 23, "excluded_lines": 0, "percent_statements_covered": 0.0, "percent_statements_covered_display": "0.00", "num_branches": 0, "num_partial_branches": 0, "covered_branches": 0, "missing_branches": 0, "percent_branches_covered": 100.0, "percent_branches_covered_display": "100.00"}, "missing_lines": [3, 11, 12, 19, 25, 36, 37, 45, 46, 47, 51, 56, 65, 69, 70, 71, 72, 73, 78, 79, 85, 90, 96], "excluded_lines": [], "start_line": 1, "executed_branches": [], "missing_branches": []}}, "classes": {"": {"executed_lines": [], "summary": {"covered_lines": 0, "num_statements": 23, "percent_covered": 0.0, "percent_covered_display": "0.00", "missing_lines": 23, "excluded_lines": 0, "percent_statements_covered": 0.0, "percent_statements_covered_display": "0.00", "num_branches": 0, "num_partial_branches": 0, "covered_branches": 0, "missing_branches": 0, "percent_branches_covered": 100.0, "percent_branches_covered_display": "100.00"}, "missing_lines": [3, 11, 12, 19, 25, 36, 37, 45, 46, 47, 51, 56, 65, 69, 70, 71, 72, 73, 78, 79, 85, 90, 96], "excluded_lines": [], "start_line": 1, "executed_branches": [], "missing_branches": []}}}, "src/operations_center/observer/alert_channels.py": {"executed_lines": [71, 82, 83, 84, 85, 86, 87, 90, 97, 98, 99, 100, 102, 104, 109, 110, 118, 129, 130, 131, 142, 143, 149, 150, 151, 152, 156, 164, 169, 170, 178, 183, 191, 192, 194, 195, 196, 197, 199, 204, 210, 215, 216, 217, 218, 219, 220, 227, 228, 229, 240, 241, 247, 248, 249, 255, 256, 257, 263, 268, 269, 270, 278, 290, 291, 292, 293, 295, 301, 303, 310, 311, 314, 316, 342, 343, 344, 345, 346, 347, 348, 349, 360, 361, 367, 368, 370, 371, 372, 373, 375, 376, 378, 379, 380, 381, 382, 386, 391, 392, 393, 401, 413, 414, 415, 416, 418, 420, 431, 432, 433, 438, 439, 440, 441, 442, 444, 456, 457, 458, 463, 477, 489, 490, 491, 492, 493, 494, 505, 506, 512, 513, 514, 520, 521, 522, 523, 525, 531, 532, 534, 535, 536, 542, 547, 548, 549, 557, 569, 570, 571, 572, 574, 580, 582, 592, 593, 594, 599, 611, 622, 623, 624, 635, 636, 643, 644, 652, 673, 675, 676, 679, 680, 681, 682, 683, 684, 692, 693, 698, 699, 701, 702, 718, 719, 721, 722, 726, 727, 729], "summary": {"covered_lines": 190, "num_statements": 248, "percent_covered": 80.0, "percent_covered_display": "80.00", "missing_lines": 58, "excluded_lines": 21, "percent_statements_covered": 76.61290322580645, "percent_statements_covered_display": "76.61", "num_branches": 62, "num_partial_branches": 4, "covered_branches": 58, "missing_branches": 4, "percent_branches_covered": 93.54838709677419, "percent_branches_covered_display": "93.55"}, "missing_lines": [16, 18, 19, 20, 21, 22, 23, 24, 25, 26, 31, 32, 35, 36, 37, 38, 41, 66, 69, 73, 116, 121, 128, 133, 176, 180, 181, 201, 202, 212, 213, 223, 226, 231, 276, 280, 281, 330, 333, 351, 399, 403, 404, 480, 483, 496, 555, 559, 560, 614, 621, 626, 650, 655, 658, 659, 704, 705], "excluded_lines": [28, 44, 45, 46, 47, 48, 49, 50, 51, 52, 53, 54, 56, 57, 58, 59, 60, 61, 62, 63, 70], "executed_branches": [[97, 98], [97, 99], [99, 100], [99, 102], [142, 143], [142, 149], [191, 192], [194, 195], [196, 197], [196, 199], [216, 217], [218, 219], [240, 241], [240, 247], [256, 257], [256, 263], [310, 311], [310, 316], [360, 361], [360, 367], [380, 381], [380, 382], [431, 432], [431, 438], [432, 433], [432, 438], [456, 457], [456, 463], [457, 458], [457, 463], [505, 506], [505, 512], [513, 514], [513, 520], [535, 536], [535, 542], [592, 593], [592, 599], [593, 594], [593, 599], [635, 636], [635, 643], [675, 676], [675, 679], [679, 680], [679, 681], [681, 682], [681, 683], [683, 684], [683, 692], [692, 693], [692, 698], [698, 699], [698, 701], [721, 722], [721, 729], [726, 721], [726, 727]], "missing_branches": [[191, 194], [194, 199], [216, 218], [218, 220]], "functions": {"AlertChannel.notify": {"executed_lines": [], "summary": {"covered_lines": 0, "num_statements": 0, "percent_covered": 100.0, "percent_covered_display": "100.00", "missing_lines": 0, "excluded_lines": 9, "percent_statements_covered": 100.0, "percent_statements_covered_display": "100.00", "num_branches": 0, "num_partial_branches": 0, "covered_branches": 0, "missing_branches": 0, "percent_branches_covered": 100.0, "percent_branches_covered_display": "100.00"}, "missing_lines": [], "excluded_lines": [46, 47, 48, 49, 50, 51, 52, 53, 54], "start_line": 45, "executed_branches": [], "missing_branches": []}, "AlertChannel.validate_configuration": {"executed_lines": [], "summary": {"covered_lines": 0, "num_statements": 0, "percent_covered": 100.0, "percent_covered_display": "100.00", "missing_lines": 0, "excluded_lines": 6, "percent_statements_covered": 100.0, "percent_statements_covered_display": "100.00", "num_branches": 0, "num_partial_branches": 0, "covered_branches": 0, "missing_branches": 0, "percent_branches_covered": 100.0, "percent_branches_covered_display": "100.00"}, "missing_lines": [], "excluded_lines": [58, 59, 60, 61, 62, 63], "start_line": 57, "executed_branches": [], "missing_branches": []}, "OperatorLogChannel.__init__": {"executed_lines": [71], "summary": {"covered_lines": 1, "num_statements": 1, "percent_covered": 100.0, "percent_covered_display": "100.00", "missing_lines": 0, "excluded_lines": 1, "percent_statements_covered": 100.0, "percent_statements_covered_display": "100.00", "num_branches": 0, "num_partial_branches": 0, "covered_branches": 0, "missing_branches": 0, "percent_branches_covered": 100.0, "percent_branches_covered_display": "100.00"}, "missing_lines": [], "excluded_lines": [70], "start_line": 69, "executed_branches": [], "missing_branches": []}, "OperatorLogChannel.notify": {"executed_lines": [82, 83, 84, 85, 86, 87, 90, 97, 98, 99, 100, 102, 104, 109, 110], "summary": {"covered_lines": 15, "num_statements": 15, "percent_covered": 100.0, "percent_covered_display": "100.00", "missing_lines": 0, "excluded_lines": 0, "percent_statements_covered": 100.0, "percent_statements_covered_display": "100.00", "num_branches": 4, "num_partial_branches": 0, "covered_branches": 4, "missing_branches": 0, "percent_branches_covered": 100.0, "percent_branches_covered_display": "100.00"}, "missing_lines": [], "excluded_lines": [], "start_line": 73, "executed_branches": [[97, 98], [97, 99], [99, 100], [99, 102]], "missing_branches": []}, "OperatorLogChannel.validate_configuration": {"executed_lines": [118], "summary": {"covered_lines": 1, "num_statements": 1, "percent_covered": 100.0, "percent_covered_display": "100.00", "missing_lines": 0, "excluded_lines": 0, "percent_statements_covered": 100.0, "percent_statements_covered_display": "100.00", "num_branches": 0, "num_partial_branches": 0, "covered_branches": 0, "missing_branches": 0, "percent_branches_covered": 100.0, "percent_branches_covered_display": "100.00"}, "missing_lines": [], "excluded_lines": [], "start_line": 116, "executed_branches": [], "missing_branches": []}, "PlaneTaskChannel.__init__": {"executed_lines": [129, 130, 131], "summary": {"covered_lines": 3, "num_statements": 3, "percent_covered": 100.0, "percent_covered_display": "100.00", "missing_lines": 0, "excluded_lines": 0, "percent_statements_covered": 100.0, "percent_statements_covered_display": "100.00", "num_branches": 0, "num_partial_branches": 0, "covered_branches": 0, "missing_branches": 0, "percent_branches_covered": 100.0, "percent_branches_covered_display": "100.00"}, "missing_lines": [], "excluded_lines": [], "start_line": 128, "executed_branches": [], "missing_branches": []}, "PlaneTaskChannel.notify": {"executed_lines": [142, 143, 149, 150, 151, 152, 156, 164, 169, 170], "summary": {"covered_lines": 10, "num_statements": 10, "percent_covered": 100.0, "percent_covered_display": "100.00", "missing_lines": 0, "excluded_lines": 0, "percent_statements_covered": 100.0, "percent_statements_covered_display": "100.00", "num_branches": 2, "num_partial_branches": 0, "covered_branches": 2, "missing_branches": 0, "percent_branches_covered": 100.0, "percent_branches_covered_display": "100.00"}, "missing_lines": [], "excluded_lines": [], "start_line": 133, "executed_branches": [[142, 143], [142, 149]], "missing_branches": []}, "PlaneTaskChannel.validate_configuration": {"executed_lines": [178], "summary": {"covered_lines": 1, "num_statements": 1, "percent_covered": 100.0, "percent_covered_display": "100.00", "missing_lines": 0, "excluded_lines": 0, "percent_statements_covered": 100.0, "percent_statements_covered_display": "100.00", "num_branches": 0, "num_partial_branches": 0, "covered_branches": 0, "missing_branches": 0, "percent_branches_covered": 100.0, "percent_branches_covered_display": "100.00"}, "missing_lines": [], "excluded_lines": [], "start_line": 176, "executed_branches": [], "missing_branches": []}, "PlaneTaskChannel._build_task_description": {"executed_lines": [183, 191, 192, 194, 195, 196, 197, 199], "summary": {"covered_lines": 8, "num_statements": 8, "percent_covered": 85.71428571428571, "percent_covered_display": "85.71", "missing_lines": 0, "excluded_lines": 0, "percent_statements_covered": 100.0, "percent_statements_covered_display": "100.00", "num_branches": 6, "num_partial_branches": 2, "covered_branches": 4, "missing_branches": 2, "percent_branches_covered": 66.66666666666667, "percent_branches_covered_display": "66.67"}, "missing_lines": [], "excluded_lines": [], "start_line": 181, "executed_branches": [[191, 192], [194, 195], [196, 197], [196, 199]], "missing_branches": [[191, 194], [194, 199]]}, "PlaneTaskChannel._severity_to_priority": {"executed_lines": [204, 210], "summary": {"covered_lines": 2, "num_statements": 2, "percent_covered": 100.0, "percent_covered_display": "100.00", "missing_lines": 0, "excluded_lines": 0, "percent_statements_covered": 100.0, "percent_statements_covered_display": "100.00", "num_branches": 0, "num_partial_branches": 0, "covered_branches": 0, "missing_branches": 0, "percent_branches_covered": 100.0, "percent_branches_covered_display": "100.00"}, "missing_lines": [], "excluded_lines": [], "start_line": 202, "executed_branches": [], "missing_branches": []}, "PlaneTaskChannel._build_labels": {"executed_lines": [215, 216, 217, 218, 219, 220], "summary": {"covered_lines": 6, "num_statements": 6, "percent_covered": 80.0, "percent_covered_display": "80.00", "missing_lines": 0, "excluded_lines": 0, "percent_statements_covered": 100.0, "percent_statements_covered_display": "100.00", "num_branches": 4, "num_partial_branches": 2, "covered_branches": 2, "missing_branches": 2, "percent_branches_covered": 50.0, "percent_branches_covered_display": "50.00"}, "missing_lines": [], "excluded_lines": [], "start_line": 213, "executed_branches": [[216, 217], [218, 219]], "missing_branches": [[216, 218], [218, 220]]}, "SlackChannel.__init__": {"executed_lines": [227, 228, 229], "summary": {"covered_lines": 3, "num_statements": 3, "percent_covered": 100.0, "percent_covered_display": "100.00", "missing_lines": 0, "excluded_lines": 0, "percent_statements_covered": 100.0, "percent_statements_covered_display": "100.00", "num_branches": 0, "num_partial_branches": 0, "covered_branches": 0, "missing_branches": 0, "percent_branches_covered": 100.0, "percent_branches_covered_display": "100.00"}, "missing_lines": [], "excluded_lines": [], "start_line": 226, "executed_branches": [], "missing_branches": []}, "SlackChannel.notify": {"executed_lines": [240, 241, 247, 248, 249, 255, 256, 257, 263, 268, 269, 270], "summary": {"covered_lines": 12, "num_statements": 12, "percent_covered": 100.0, "percent_covered_display": "100.00", "missing_lines": 0, "excluded_lines": 0, "percent_statements_covered": 100.0, "percent_statements_covered_display": "100.00", "num_branches": 4, "num_partial_branches": 0, "covered_branches": 4, "missing_branches": 0, "percent_branches_covered": 100.0, "percent_branches_covered_display": "100.00"}, "missing_lines": [], "excluded_lines": [], "start_line": 231, "executed_branches": [[240, 241], [240, 247], [256, 257], [256, 263]], "missing_branches": []}, "SlackChannel.validate_configuration": {"executed_lines": [278], "summary": {"covered_lines": 1, "num_statements": 1, "percent_covered": 100.0, "percent_covered_display": "100.00", "missing_lines": 0, "excluded_lines": 0, "percent_statements_covered": 100.0, "percent_statements_covered_display": "100.00", "num_branches": 0, "num_partial_branches": 0, "covered_branches": 0, "missing_branches": 0, "percent_branches_covered": 100.0, "percent_branches_covered_display": "100.00"}, "missing_lines": [], "excluded_lines": [], "start_line": 276, "executed_branches": [], "missing_branches": []}, "SlackChannel._build_slack_message": {"executed_lines": [290, 291, 292, 293, 295, 301, 303, 310, 311, 314, 316], "summary": {"covered_lines": 11, "num_statements": 11, "percent_covered": 100.0, "percent_covered_display": "100.00", "missing_lines": 0, "excluded_lines": 0, "percent_statements_covered": 100.0, "percent_statements_covered_display": "100.00", "num_branches": 2, "num_partial_branches": 0, "covered_branches": 2, "missing_branches": 0, "percent_branches_covered": 100.0, "percent_branches_covered_display": "100.00"}, "missing_lines": [], "excluded_lines": [], "start_line": 281, "executed_branches": [[310, 311], [310, 316]], "missing_branches": []}, "EmailChannel.__init__": {"executed_lines": [342, 343, 344, 345, 346, 347, 348, 349], "summary": {"covered_lines": 8, "num_statements": 8, "percent_covered": 100.0, "percent_covered_display": "100.00", "missing_lines": 0, "excluded_lines": 0, "percent_statements_covered": 100.0, "percent_statements_covered_display": "100.00", "num_branches": 0, "num_partial_branches": 0, "covered_branches": 0, "missing_branches": 0, "percent_branches_covered": 100.0, "percent_branches_covered_display": "100.00"}, "missing_lines": [], "excluded_lines": [], "start_line": 333, "executed_branches": [], "missing_branches": []}, "EmailChannel.notify": {"executed_lines": [360, 361, 367, 368, 370, 371, 372, 373, 375, 376, 378, 379, 380, 381, 382, 386, 391, 392, 393], "summary": {"covered_lines": 19, "num_statements": 19, "percent_covered": 100.0, "percent_covered_display": "100.00", "missing_lines": 0, "excluded_lines": 0, "percent_statements_covered": 100.0, "percent_statements_covered_display": "100.00", "num_branches": 4, "num_partial_branches": 0, "covered_branches": 4, "missing_branches": 0, "percent_branches_covered": 100.0, "percent_branches_covered_display": "100.00"}, "missing_lines": [], "excluded_lines": [], "start_line": 351, "executed_branches": [[360, 361], [360, 367], [380, 381], [380, 382]], "missing_branches": []}, "EmailChannel.validate_configuration": {"executed_lines": [401], "summary": {"covered_lines": 1, "num_statements": 1, "percent_covered": 100.0, "percent_covered_display": "100.00", "missing_lines": 0, "excluded_lines": 0, "percent_statements_covered": 100.0, "percent_statements_covered_display": "100.00", "num_branches": 0, "num_partial_branches": 0, "covered_branches": 0, "missing_branches": 0, "percent_branches_covered": 100.0, "percent_branches_covered_display": "100.00"}, "missing_lines": [], "excluded_lines": [], "start_line": 399, "executed_branches": [], "missing_branches": []}, "EmailChannel._build_email_message": {"executed_lines": [413, 414, 415, 416, 418, 420, 431, 432, 433, 438, 439, 440, 441, 442, 444, 456, 457, 458, 463, 477], "summary": {"covered_lines": 20, "num_statements": 20, "percent_covered": 100.0, "percent_covered_display": "100.00", "missing_lines": 0, "excluded_lines": 0, "percent_statements_covered": 100.0, "percent_statements_covered_display": "100.00", "num_branches": 8, "num_partial_branches": 0, "covered_branches": 8, "missing_branches": 0, "percent_branches_covered": 100.0, "percent_branches_covered_display": "100.00"}, "missing_lines": [], "excluded_lines": [], "start_line": 404, "executed_branches": [[431, 432], [431, 438], [432, 433], [432, 438], [456, 457], [456, 463], [457, 458], [457, 463]], "missing_branches": []}, "GitHubChannel.__init__": {"executed_lines": [489, 490, 491, 492, 493, 494], "summary": {"covered_lines": 6, "num_statements": 6, "percent_covered": 100.0, "percent_covered_display": "100.00", "missing_lines": 0, "excluded_lines": 0, "percent_statements_covered": 100.0, "percent_statements_covered_display": "100.00", "num_branches": 0, "num_partial_branches": 0, "covered_branches": 0, "missing_branches": 0, "percent_branches_covered": 100.0, "percent_branches_covered_display": "100.00"}, "missing_lines": [], "excluded_lines": [], "start_line": 483, "executed_branches": [], "missing_branches": []}, "GitHubChannel.notify": {"executed_lines": [505, 506, 512, 513, 514, 520, 521, 522, 523, 525, 531, 532, 534, 535, 536, 542, 547, 548, 549], "summary": {"covered_lines": 19, "num_statements": 19, "percent_covered": 100.0, "percent_covered_display": "100.00", "missing_lines": 0, "excluded_lines": 0, "percent_statements_covered": 100.0, "percent_statements_covered_display": "100.00", "num_branches": 6, "num_partial_branches": 0, "covered_branches": 6, "missing_branches": 0, "percent_branches_covered": 100.0, "percent_branches_covered_display": "100.00"}, "missing_lines": [], "excluded_lines": [], "start_line": 496, "executed_branches": [[505, 506], [505, 512], [513, 514], [513, 520], [535, 536], [535, 542]], "missing_branches": []}, "GitHubChannel.validate_configuration": {"executed_lines": [557], "summary": {"covered_lines": 1, "num_statements": 1, "percent_covered": 100.0, "percent_covered_display": "100.00", "missing_lines": 0, "excluded_lines": 0, "percent_statements_covered": 100.0, "percent_statements_covered_display": "100.00", "num_branches": 0, "num_partial_branches": 0, "covered_branches": 0, "missing_branches": 0, "percent_branches_covered": 100.0, "percent_branches_covered_display": "100.00"}, "missing_lines": [], "excluded_lines": [], "start_line": 555, "executed_branches": [], "missing_branches": []}, "GitHubChannel._build_github_comment": {"executed_lines": [569, 570, 571, 572, 574, 580, 582, 592, 593, 594, 599, 611], "summary": {"covered_lines": 12, "num_statements": 12, "percent_covered": 100.0, "percent_covered_display": "100.00", "missing_lines": 0, "excluded_lines": 0, "percent_statements_covered": 100.0, "percent_statements_covered_display": "100.00", "num_branches": 4, "num_partial_branches": 0, "covered_branches": 4, "missing_branches": 0, "percent_branches_covered": 100.0, "percent_branches_covered_display": "100.00"}, "missing_lines": [], "excluded_lines": [], "start_line": 560, "executed_branches": [[592, 593], [592, 599], [593, 594], [593, 599]], "missing_branches": []}, "PagerDutyChannel.__init__": {"executed_lines": [622, 623, 624], "summary": {"covered_lines": 3, "num_statements": 3, "percent_covered": 100.0, "percent_covered_display": "100.00", "missing_lines": 0, "excluded_lines": 0, "percent_statements_covered": 100.0, "percent_statements_covered_display": "100.00", "num_branches": 0, "num_partial_branches": 0, "covered_branches": 0, "missing_branches": 0, "percent_branches_covered": 100.0, "percent_branches_covered_display": "100.00"}, "missing_lines": [], "excluded_lines": [], "start_line": 621, "executed_branches": [], "missing_branches": []}, "PagerDutyChannel.notify": {"executed_lines": [635, 636, 643, 644], "summary": {"covered_lines": 4, "num_statements": 4, "percent_covered": 100.0, "percent_covered_display": "100.00", "missing_lines": 0, "excluded_lines": 0, "percent_statements_covered": 100.0, "percent_statements_covered_display": "100.00", "num_branches": 2, "num_partial_branches": 0, "covered_branches": 2, "missing_branches": 0, "percent_branches_covered": 100.0, "percent_branches_covered_display": "100.00"}, "missing_lines": [], "excluded_lines": [], "start_line": 626, "executed_branches": [[635, 636], [635, 643]], "missing_branches": []}, "PagerDutyChannel.validate_configuration": {"executed_lines": [652], "summary": {"covered_lines": 1, "num_statements": 1, "percent_covered": 100.0, "percent_covered_display": "100.00", "missing_lines": 0, "excluded_lines": 0, "percent_statements_covered": 100.0, "percent_statements_covered_display": "100.00", "num_branches": 0, "num_partial_branches": 0, "covered_branches": 0, "missing_branches": 0, "percent_branches_covered": 100.0, "percent_branches_covered_display": "100.00"}, "missing_lines": [], "excluded_lines": [], "start_line": 650, "executed_branches": [], "missing_branches": []}, "AlertChannelFactory.create_channel": {"executed_lines": [673, 675, 676, 679, 680, 681, 682, 683, 684, 692, 693, 698, 699, 701, 702], "summary": {"covered_lines": 15, "num_statements": 15, "percent_covered": 100.0, "percent_covered_display": "100.00", "missing_lines": 0, "excluded_lines": 0, "percent_statements_covered": 100.0, "percent_statements_covered_display": "100.00", "num_branches": 12, "num_partial_branches": 0, "covered_branches": 12, "missing_branches": 0, "percent_branches_covered": 100.0, "percent_branches_covered_display": "100.00"}, "missing_lines": [], "excluded_lines": [], "start_line": 659, "executed_branches": [[675, 676], [675, 679], [679, 680], [679, 681], [681, 682], [681, 683], [683, 684], [683, 692], [692, 693], [692, 698], [698, 699], [698, 701]], "missing_branches": []}, "AlertChannelFactory.create_channels_from_config": {"executed_lines": [718, 719, 721, 722, 726, 727, 729], "summary": {"covered_lines": 7, "num_statements": 7, "percent_covered": 100.0, "percent_covered_display": "100.00", "missing_lines": 0, "excluded_lines": 0, "percent_statements_covered": 100.0, "percent_statements_covered_display": "100.00", "num_branches": 4, "num_partial_branches": 0, "covered_branches": 4, "missing_branches": 0, "percent_branches_covered": 100.0, "percent_branches_covered_display": "100.00"}, "missing_lines": [], "excluded_lines": [], "start_line": 705, "executed_branches": [[721, 722], [721, 729], [726, 721], [726, 727]], "missing_branches": []}, "": {"executed_lines": [], "summary": {"covered_lines": 0, "num_statements": 58, "percent_covered": 0.0, "percent_covered_display": "0.00", "missing_lines": 58, "excluded_lines": 5, "percent_statements_covered": 0.0, "percent_statements_covered_display": "0.00", "num_branches": 0, "num_partial_branches": 0, "covered_branches": 0, "missing_branches": 0, "percent_branches_covered": 100.0, "percent_branches_covered_display": "100.00"}, "missing_lines": [16, 18, 19, 20, 21, 22, 23, 24, 25, 26, 31, 32, 35, 36, 37, 38, 41, 66, 69, 73, 116, 121, 128, 133, 176, 180, 181, 201, 202, 212, 213, 223, 226, 231, 276, 280, 281, 330, 333, 351, 399, 403, 404, 480, 483, 496, 555, 559, 560, 614, 621, 626, 650, 655, 658, 659, 704, 705], "excluded_lines": [28, 44, 45, 56, 57], "start_line": 1, "executed_branches": [], "missing_branches": []}}, "classes": {"AlertChannelResult": {"executed_lines": [], "summary": {"covered_lines": 0, "num_statements": 0, "percent_covered": 100.0, "percent_covered_display": "100.00", "missing_lines": 0, "excluded_lines": 0, "percent_statements_covered": 100.0, "percent_statements_covered_display": "100.00", "num_branches": 0, "num_partial_branches": 0, "covered_branches": 0, "missing_branches": 0, "percent_branches_covered": 100.0, "percent_branches_covered_display": "100.00"}, "missing_lines": [], "excluded_lines": [], "start_line": 32, "executed_branches": [], "missing_branches": []}, "AlertChannel": {"executed_lines": [], "summary": {"covered_lines": 0, "num_statements": 0, "percent_covered": 100.0, "percent_covered_display": "100.00", "missing_lines": 0, "excluded_lines": 15, "percent_statements_covered": 100.0, "percent_statements_covered_display": "100.00", "num_branches": 0, "num_partial_branches": 0, "covered_branches": 0, "missing_branches": 0, "percent_branches_covered": 100.0, "percent_branches_covered_display": "100.00"}, "missing_lines": [], "excluded_lines": [46, 47, 48, 49, 50, 51, 52, 53, 54, 58, 59, 60, 61, 62, 63], "start_line": 41, "executed_branches": [], "missing_branches": []}, "OperatorLogChannel": {"executed_lines": [71, 82, 83, 84, 85, 86, 87, 90, 97, 98, 99, 100, 102, 104, 109, 110, 118], "summary": {"covered_lines": 17, "num_statements": 17, "percent_covered": 100.0, "percent_covered_display": "100.00", "missing_lines": 0, "excluded_lines": 1, "percent_statements_covered": 100.0, "percent_statements_covered_display": "100.00", "num_branches": 4, "num_partial_branches": 0, "covered_branches": 4, "missing_branches": 0, "percent_branches_covered": 100.0, "percent_branches_covered_display": "100.00"}, "missing_lines": [], "excluded_lines": [70], "start_line": 66, "executed_branches": [[97, 98], [97, 99], [99, 100], [99, 102]], "missing_branches": []}, "PlaneTaskChannel": {"executed_lines": [129, 130, 131, 142, 143, 149, 150, 151, 152, 156, 164, 169, 170, 178, 183, 191, 192, 194, 195, 196, 197, 199, 204, 210, 215, 216, 217, 218, 219, 220], "summary": {"covered_lines": 30, "num_statements": 30, "percent_covered": 90.47619047619048, "percent_covered_display": "90.48", "missing_lines": 0, "excluded_lines": 0, "percent_statements_covered": 100.0, "percent_statements_covered_display": "100.00", "num_branches": 12, "num_partial_branches": 4, "covered_branches": 8, "missing_branches": 4, "percent_branches_covered": 66.66666666666667, "percent_branches_covered_display": "66.67"}, "missing_lines": [], "excluded_lines": [], "start_line": 121, "executed_branches": [[142, 143], [142, 149], [191, 192], [194, 195], [196, 197], [196, 199], [216, 217], [218, 219]], "missing_branches": [[191, 194], [194, 199], [216, 218], [218, 220]]}, "SlackChannel": {"executed_lines": [227, 228, 229, 240, 241, 247, 248, 249, 255, 256, 257, 263, 268, 269, 270, 278, 290, 291, 292, 293, 295, 301, 303, 310, 311, 314, 316], "summary": {"covered_lines": 27, "num_statements": 27, "percent_covered": 100.0, "percent_covered_display": "100.00", "missing_lines": 0, "excluded_lines": 0, "percent_statements_covered": 100.0, "percent_statements_covered_display": "100.00", "num_branches": 6, "num_partial_branches": 0, "covered_branches": 6, "missing_branches": 0, "percent_branches_covered": 100.0, "percent_branches_covered_display": "100.00"}, "missing_lines": [], "excluded_lines": [], "start_line": 223, "executed_branches": [[240, 241], [240, 247], [256, 257], [256, 263], [310, 311], [310, 316]], "missing_branches": []}, "EmailChannel": {"executed_lines": [342, 343, 344, 345, 346, 347, 348, 349, 360, 361, 367, 368, 370, 371, 372, 373, 375, 376, 378, 379, 380, 381, 382, 386, 391, 392, 393, 401, 413, 414, 415, 416, 418, 420, 431, 432, 433, 438, 439, 440, 441, 442, 444, 456, 457, 458, 463, 477], "summary": {"covered_lines": 48, "num_statements": 48, "percent_covered": 100.0, "percent_covered_display": "100.00", "missing_lines": 0, "excluded_lines": 0, "percent_statements_covered": 100.0, "percent_statements_covered_display": "100.00", "num_branches": 12, "num_partial_branches": 0, "covered_branches": 12, "missing_branches": 0, "percent_branches_covered": 100.0, "percent_branches_covered_display": "100.00"}, "missing_lines": [], "excluded_lines": [], "start_line": 330, "executed_branches": [[360, 361], [360, 367], [380, 381], [380, 382], [431, 432], [431, 438], [432, 433], [432, 438], [456, 457], [456, 463], [457, 458], [457, 463]], "missing_branches": []}, "GitHubChannel": {"executed_lines": [489, 490, 491, 492, 493, 494, 505, 506, 512, 513, 514, 520, 521, 522, 523, 525, 531, 532, 534, 535, 536, 542, 547, 548, 549, 557, 569, 570, 571, 572, 574, 580, 582, 592, 593, 594, 599, 611], "summary": {"covered_lines": 38, "num_statements": 38, "percent_covered": 100.0, "percent_covered_display": "100.00", "missing_lines": 0, "excluded_lines": 0, "percent_statements_covered": 100.0, "percent_statements_covered_display": "100.00", "num_branches": 10, "num_partial_branches": 0, "covered_branches": 10, "missing_branches": 0, "percent_branches_covered": 100.0, "percent_branches_covered_display": "100.00"}, "missing_lines": [], "excluded_lines": [], "start_line": 480, "executed_branches": [[505, 506], [505, 512], [513, 514], [513, 520], [535, 536], [535, 542], [592, 593], [592, 599], [593, 594], [593, 599]], "missing_branches": []}, "PagerDutyChannel": {"executed_lines": [622, 623, 624, 635, 636, 643, 644, 652], "summary": {"covered_lines": 8, "num_statements": 8, "percent_covered": 100.0, "percent_covered_display": "100.00", "missing_lines": 0, "excluded_lines": 0, "percent_statements_covered": 100.0, "percent_statements_covered_display": "100.00", "num_branches": 2, "num_partial_branches": 0, "covered_branches": 2, "missing_branches": 0, "percent_branches_covered": 100.0, "percent_branches_covered_display": "100.00"}, "missing_lines": [], "excluded_lines": [], "start_line": 614, "executed_branches": [[635, 636], [635, 643]], "missing_branches": []}, "AlertChannelFactory": {"executed_lines": [673, 675, 676, 679, 680, 681, 682, 683, 684, 692, 693, 698, 699, 701, 702, 718, 719, 721, 722, 726, 727, 729], "summary": {"covered_lines": 22, "num_statements": 22, "percent_covered": 100.0, "percent_covered_display": "100.00", "missing_lines": 0, "excluded_lines": 0, "percent_statements_covered": 100.0, "percent_statements_covered_display": "100.00", "num_branches": 16, "num_partial_branches": 0, "covered_branches": 16, "missing_branches": 0, "percent_branches_covered": 100.0, "percent_branches_covered_display": "100.00"}, "missing_lines": [], "excluded_lines": [], "start_line": 655, "executed_branches": [[675, 676], [675, 679], [679, 680], [679, 681], [681, 682], [681, 683], [683, 684], [683, 692], [692, 693], [692, 698], [698, 699], [698, 701], [721, 722], [721, 729], [726, 721], [726, 727]], "missing_branches": []}, "": {"executed_lines": [], "summary": {"covered_lines": 0, "num_statements": 58, "percent_covered": 0.0, "percent_covered_display": "0.00", "missing_lines": 58, "excluded_lines": 5, "percent_statements_covered": 0.0, "percent_statements_covered_display": "0.00", "num_branches": 0, "num_partial_branches": 0, "covered_branches": 0, "missing_branches": 0, "percent_branches_covered": 100.0, "percent_branches_covered_display": "100.00"}, "missing_lines": [16, 18, 19, 20, 21, 22, 23, 24, 25, 26, 31, 32, 35, 36, 37, 38, 41, 66, 69, 73, 116, 121, 128, 133, 176, 180, 181, 201, 202, 212, 213, 223, 226, 231, 276, 280, 281, 330, 333, 351, 399, 403, 404, 480, 483, 496, 555, 559, 560, 614, 621, 626, 650, 655, 658, 659, 704, 705], "excluded_lines": [28, 44, 45, 56, 57], "start_line": 1, "executed_branches": [], "missing_branches": []}}}, "src/operations_center/observer/alert_config.py": {"executed_lines": [12, 14, 15, 18, 19, 22, 23, 24, 25, 26, 28, 29, 30, 31, 32, 33, 34, 35, 36, 40, 114, 115, 118, 119, 120, 122, 123, 124, 125, 126, 130, 170, 171, 174, 175, 176, 177, 178, 179, 180, 181, 182, 184, 186, 199, 208, 211, 220, 223, 225, 228, 230], "summary": {"covered_lines": 52, "num_statements": 52, "percent_covered": 100.0, "percent_covered_display": "100.00", "missing_lines": 0, "excluded_lines": 0, "percent_statements_covered": 100.0, "percent_statements_covered_display": "100.00", "num_branches": 12, "num_partial_branches": 0, "covered_branches": 12, "missing_branches": 0, "percent_branches_covered": 100.0, "percent_branches_covered_display": "100.00"}, "missing_lines": [], "excluded_lines": [], "executed_branches": [[29, 30], [29, 31], [31, 32], [31, 33], [33, 34], [33, 35], [35, -28], [35, 36], [124, -122], [124, 125], [125, 124], [125, 126]], "missing_branches": [], "functions": {"CollectorThresholds.__post_init__": {"executed_lines": [29, 30, 31, 32, 33, 34, 35, 36], "summary": {"covered_lines": 8, "num_statements": 8, "percent_covered": 100.0, "percent_covered_display": "100.00", "missing_lines": 0, "excluded_lines": 0, "percent_statements_covered": 100.0, "percent_statements_covered_display": "100.00", "num_branches": 8, "num_partial_branches": 0, "covered_branches": 8, "missing_branches": 0, "percent_branches_covered": 100.0, "percent_branches_covered_display": "100.00"}, "missing_lines": [], "excluded_lines": [], "start_line": 28, "executed_branches": [[29, 30], [29, 31], [31, 32], [31, 33], [33, 34], [33, 35], [35, -28], [35, 36]], "missing_branches": []}, "AlertRoute.__post_init__": {"executed_lines": [123, 124, 125, 126], "summary": {"covered_lines": 4, "num_statements": 4, "percent_covered": 100.0, "percent_covered_display": "100.00", "missing_lines": 0, "excluded_lines": 0, "percent_statements_covered": 100.0, "percent_statements_covered_display": "100.00", "num_branches": 4, "num_partial_branches": 0, "covered_branches": 4, "missing_branches": 0, "percent_branches_covered": 100.0, "percent_branches_covered_display": "100.00"}, "missing_lines": [], "excluded_lines": [], "start_line": 122, "executed_branches": [[124, -122], [124, 125], [125, 124], [125, 126]], "missing_branches": []}, "AlertContext.to_dict": {"executed_lines": [186], "summary": {"covered_lines": 1, "num_statements": 1, "percent_covered": 100.0, "percent_covered_display": "100.00", "missing_lines": 0, "excluded_lines": 0, "percent_statements_covered": 100.0, "percent_statements_covered_display": "100.00", "num_branches": 0, "num_partial_branches": 0, "covered_branches": 0, "missing_branches": 0, "percent_branches_covered": 100.0, "percent_branches_covered_display": "100.00"}, "missing_lines": [], "excluded_lines": [], "start_line": 184, "executed_branches": [], "missing_branches": []}, "get_collector_thresholds": {"executed_lines": [208], "summary": {"covered_lines": 1, "num_statements": 1, "percent_covered": 100.0, "percent_covered_display": "100.00", "missing_lines": 0, "excluded_lines": 0, "percent_statements_covered": 100.0, "percent_statements_covered_display": "100.00", "num_branches": 0, "num_partial_branches": 0, "covered_branches": 0, "missing_branches": 0, "percent_branches_covered": 100.0, "percent_branches_covered_display": "100.00"}, "missing_lines": [], "excluded_lines": [], "start_line": 199, "executed_branches": [], "missing_branches": []}, "get_alert_route": {"executed_lines": [220], "summary": {"covered_lines": 1, "num_statements": 1, "percent_covered": 100.0, "percent_covered_display": "100.00", "missing_lines": 0, "excluded_lines": 0, "percent_statements_covered": 100.0, "percent_statements_covered_display": "100.00", "num_branches": 0, "num_partial_branches": 0, "covered_branches": 0, "missing_branches": 0, "percent_branches_covered": 100.0, "percent_branches_covered_display": "100.00"}, "missing_lines": [], "excluded_lines": [], "start_line": 211, "executed_branches": [], "missing_branches": []}, "list_collector_names": {"executed_lines": [225], "summary": {"covered_lines": 1, "num_statements": 1, "percent_covered": 100.0, "percent_covered_display": "100.00", "missing_lines": 0, "excluded_lines": 0, "percent_statements_covered": 100.0, "percent_statements_covered_display": "100.00", "num_branches": 0, "num_partial_branches": 0, "covered_branches": 0, "missing_branches": 0, "percent_branches_covered": 100.0, "percent_branches_covered_display": "100.00"}, "missing_lines": [], "excluded_lines": [], "start_line": 223, "executed_branches": [], "missing_branches": []}, "list_condition_names": {"executed_lines": [230], "summary": {"covered_lines": 1, "num_statements": 1, "percent_covered": 100.0, "percent_covered_display": "100.00", "missing_lines": 0, "excluded_lines": 0, "percent_statements_covered": 100.0, "percent_statements_covered_display": "100.00", "num_branches": 0, "num_partial_branches": 0, "covered_branches": 0, "missing_branches": 0, "percent_branches_covered": 100.0, "percent_branches_covered_display": "100.00"}, "missing_lines": [], "excluded_lines": [], "start_line": 228, "executed_branches": [], "missing_branches": []}, "": {"executed_lines": [12, 14, 15, 18, 19, 22, 23, 24, 25, 26, 28, 40, 114, 115, 118, 119, 120, 122, 130, 170, 171, 174, 175, 176, 177, 178, 179, 180, 181, 182, 184, 199, 211, 223, 228], "summary": {"covered_lines": 35, "num_statements": 35, "percent_covered": 100.0, "percent_covered_display": "100.00", "missing_lines": 0, "excluded_lines": 0, "percent_statements_covered": 100.0, "percent_statements_covered_display": "100.00", "num_branches": 0, "num_partial_branches": 0, "covered_branches": 0, "missing_branches": 0, "percent_branches_covered": 100.0, "percent_branches_covered_display": "100.00"}, "missing_lines": [], "excluded_lines": [], "start_line": 1, "executed_branches": [], "missing_branches": []}}, "classes": {"CollectorThresholds": {"executed_lines": [29, 30, 31, 32, 33, 34, 35, 36], "summary": {"covered_lines": 8, "num_statements": 8, "percent_covered": 100.0, "percent_covered_display": "100.00", "missing_lines": 0, "excluded_lines": 0, "percent_statements_covered": 100.0, "percent_statements_covered_display": "100.00", "num_branches": 8, "num_partial_branches": 0, "covered_branches": 8, "missing_branches": 0, "percent_branches_covered": 100.0, "percent_branches_covered_display": "100.00"}, "missing_lines": [], "excluded_lines": [], "start_line": 19, "executed_branches": [[29, 30], [29, 31], [31, 32], [31, 33], [33, 34], [33, 35], [35, -28], [35, 36]], "missing_branches": []}, "AlertRoute": {"executed_lines": [123, 124, 125, 126], "summary": {"covered_lines": 4, "num_statements": 4, "percent_covered": 100.0, "percent_covered_display": "100.00", "missing_lines": 0, "excluded_lines": 0, "percent_statements_covered": 100.0, "percent_statements_covered_display": "100.00", "num_branches": 4, "num_partial_branches": 0, "covered_branches": 4, "missing_branches": 0, "percent_branches_covered": 100.0, "percent_branches_covered_display": "100.00"}, "missing_lines": [], "excluded_lines": [], "start_line": 115, "executed_branches": [[124, -122], [124, 125], [125, 124], [125, 126]], "missing_branches": []}, "AlertContext": {"executed_lines": [186], "summary": {"covered_lines": 1, "num_statements": 1, "percent_covered": 100.0, "percent_covered_display": "100.00", "missing_lines": 0, "excluded_lines": 0, "percent_statements_covered": 100.0, "percent_statements_covered_display": "100.00", "num_branches": 0, "num_partial_branches": 0, "covered_branches": 0, "missing_branches": 0, "percent_branches_covered": 100.0, "percent_branches_covered_display": "100.00"}, "missing_lines": [], "excluded_lines": [], "start_line": 171, "executed_branches": [], "missing_branches": []}, "": {"executed_lines": [12, 14, 15, 18, 19, 22, 23, 24, 25, 26, 28, 40, 114, 115, 118, 119, 120, 122, 130, 170, 171, 174, 175, 176, 177, 178, 179, 180, 181, 182, 184, 199, 208, 211, 220, 223, 225, 228, 230], "summary": {"covered_lines": 39, "num_statements": 39, "percent_covered": 100.0, "percent_covered_display": "100.00", "missing_lines": 0, "excluded_lines": 0, "percent_statements_covered": 100.0, "percent_statements_covered_display": "100.00", "num_branches": 0, "num_partial_branches": 0, "covered_branches": 0, "missing_branches": 0, "percent_branches_covered": 100.0, "percent_branches_covered_display": "100.00"}, "missing_lines": [], "excluded_lines": [], "start_line": 1, "executed_branches": [], "missing_branches": []}}}, "src/operations_center/observer/alert_validation.py": {"executed_lines": [11, 13, 14, 15, 16, 17, 18, 20, 26, 36, 37, 40, 41, 42, 43, 44, 45, 46, 47, 48, 49, 51, 53, 67, 68, 71, 72, 73, 74, 75, 76, 78, 80, 90, 93, 98, 99, 101, 107, 110, 111, 112, 117, 118, 119, 122, 123, 130, 132, 148, 149, 150, 151, 154, 157, 158, 165, 166, 167, 169, 182, 197, 200, 201, 203, 204, 209, 210, 211, 212, 214, 223, 235, 237, 238, 239, 247, 248, 249, 250, 251, 253, 261, 263, 272, 285, 286, 287, 292, 293, 294, 295, 296, 297, 298, 301, 312, 314, 315, 317, 328, 329, 330, 331, 334, 349, 350], "summary": {"covered_lines": 107, "num_statements": 113, "percent_covered": 90.84967320261438, "percent_covered_display": "90.85", "missing_lines": 6, "excluded_lines": 1, "percent_statements_covered": 94.69026548672566, "percent_statements_covered_display": "94.69", "num_branches": 40, "num_partial_branches": 6, "covered_branches": 32, "missing_branches": 8, "percent_branches_covered": 80.0, "percent_branches_covered_display": "80.00"}, "missing_lines": [124, 240, 245, 302, 309, 310], "excluded_lines": [33], "executed_branches": [[110, 111], [110, 117], [111, 110], [111, 112], [117, 118], [117, 122], [118, 117], [118, 119], [122, 123], [122, 130], [123, 122], [149, 150], [149, 154], [203, 204], [203, 214], [209, 210], [211, 203], [211, 212], [237, 238], [237, 261], [239, 247], [248, 249], [248, 250], [250, 251], [285, 286], [285, 301], [292, 293], [294, 285], [294, 295], [296, 285], [296, 297], [301, 312]], "missing_branches": [[123, 124], [209, 203], [239, 240], [250, 253], [292, 294], [301, 302], [309, 310], [309, 314]], "functions": {"AlertDryRunResult.to_dict": {"executed_lines": [53], "summary": {"covered_lines": 1, "num_statements": 1, "percent_covered": 100.0, "percent_covered_display": "100.00", "missing_lines": 0, "excluded_lines": 0, "percent_statements_covered": 100.0, "percent_statements_covered_display": "100.00", "num_branches": 0, "num_partial_branches": 0, "covered_branches": 0, "missing_branches": 0, "percent_branches_covered": 100.0, "percent_branches_covered_display": "100.00"}, "missing_lines": [], "excluded_lines": [], "start_line": 51, "executed_branches": [], "missing_branches": []}, "AlertValidationReport.to_dict": {"executed_lines": [80], "summary": {"covered_lines": 1, "num_statements": 1, "percent_covered": 100.0, "percent_covered_display": "100.00", "missing_lines": 0, "excluded_lines": 0, "percent_statements_covered": 100.0, "percent_statements_covered_display": "100.00", "num_branches": 0, "num_partial_branches": 0, "covered_branches": 0, "missing_branches": 0, "percent_branches_covered": 100.0, "percent_branches_covered_display": "100.00"}, "missing_lines": [], "excluded_lines": [], "start_line": 78, "executed_branches": [], "missing_branches": []}, "AlertValidator.__init__": {"executed_lines": [98, 99], "summary": {"covered_lines": 2, "num_statements": 2, "percent_covered": 100.0, "percent_covered_display": "100.00", "missing_lines": 0, "excluded_lines": 0, "percent_statements_covered": 100.0, "percent_statements_covered_display": "100.00", "num_branches": 0, "num_partial_branches": 0, "covered_branches": 0, "missing_branches": 0, "percent_branches_covered": 100.0, "percent_branches_covered_display": "100.00"}, "missing_lines": [], "excluded_lines": [], "start_line": 93, "executed_branches": [], "missing_branches": []}, "AlertValidator.validate_configuration": {"executed_lines": [107, 110, 111, 112, 117, 118, 119, 122, 123, 130], "summary": {"covered_lines": 10, "num_statements": 11, "percent_covered": 91.30434782608695, "percent_covered_display": "91.30", "missing_lines": 1, "excluded_lines": 0, "percent_statements_covered": 90.9090909090909, "percent_statements_covered_display": "90.91", "num_branches": 12, "num_partial_branches": 1, "covered_branches": 11, "missing_branches": 1, "percent_branches_covered": 91.66666666666667, "percent_branches_covered_display": "91.67"}, "missing_lines": [124], "excluded_lines": [], "start_line": 101, "executed_branches": [[110, 111], [110, 117], [111, 110], [111, 112], [117, 118], [117, 122], [118, 117], [118, 119], [122, 123], [122, 130], [123, 122]], "missing_branches": [[123, 124]]}, "AlertValidator.evaluate_condition_dry_run": {"executed_lines": [148, 149, 150, 151, 154, 157, 158, 165, 166, 167, 169], "summary": {"covered_lines": 11, "num_statements": 11, "percent_covered": 100.0, "percent_covered_display": "100.00", "missing_lines": 0, "excluded_lines": 0, "percent_statements_covered": 100.0, "percent_statements_covered_display": "100.00", "num_branches": 2, "num_partial_branches": 0, "covered_branches": 2, "missing_branches": 0, "percent_branches_covered": 100.0, "percent_branches_covered_display": "100.00"}, "missing_lines": [], "excluded_lines": [], "start_line": 132, "executed_branches": [[149, 150], [149, 154]], "missing_branches": []}, "AlertValidator.evaluate_all_conditions_dry_run": {"executed_lines": [197, 200, 201, 203, 204, 209, 210, 211, 212, 214], "summary": {"covered_lines": 10, "num_statements": 10, "percent_covered": 93.75, "percent_covered_display": "93.75", "missing_lines": 0, "excluded_lines": 0, "percent_statements_covered": 100.0, "percent_statements_covered_display": "100.00", "num_branches": 6, "num_partial_branches": 1, "covered_branches": 5, "missing_branches": 1, "percent_branches_covered": 83.33333333333333, "percent_branches_covered_display": "83.33"}, "missing_lines": [], "excluded_lines": [], "start_line": 182, "executed_branches": [[203, 204], [203, 214], [209, 210], [211, 203], [211, 212]], "missing_branches": [[209, 203]]}, "AlertValidator.evaluate_per_collector_thresholds": {"executed_lines": [235, 237, 238, 239, 247, 248, 249, 250, 251, 253, 261], "summary": {"covered_lines": 11, "num_statements": 13, "percent_covered": 80.95238095238095, "percent_covered_display": "80.95", "missing_lines": 2, "excluded_lines": 0, "percent_statements_covered": 84.61538461538461, "percent_statements_covered_display": "84.62", "num_branches": 8, "num_partial_branches": 2, "covered_branches": 6, "missing_branches": 2, "percent_branches_covered": 75.0, "percent_branches_covered_display": "75.00"}, "missing_lines": [240, 245], "excluded_lines": [], "start_line": 223, "executed_branches": [[237, 238], [237, 261], [239, 247], [248, 249], [248, 250], [250, 251]], "missing_branches": [[239, 240], [250, 253]]}, "AlertValidator.format_report_text": {"executed_lines": [272, 285, 286, 287, 292, 293, 294, 295, 296, 297, 298, 301, 312, 314, 315], "summary": {"covered_lines": 15, "num_statements": 18, "percent_covered": 76.66666666666667, "percent_covered_display": "76.67", "missing_lines": 3, "excluded_lines": 0, "percent_statements_covered": 83.33333333333333, "percent_statements_covered_display": "83.33", "num_branches": 12, "num_partial_branches": 2, "covered_branches": 8, "missing_branches": 4, "percent_branches_covered": 66.66666666666667, "percent_branches_covered_display": "66.67"}, "missing_lines": [302, 309, 310], "excluded_lines": [], "start_line": 263, "executed_branches": [[285, 286], [285, 301], [292, 293], [294, 285], [294, 295], [296, 285], [296, 297], [301, 312]], "missing_branches": [[292, 294], [301, 302], [309, 310], [309, 314]]}, "AlertValidator.save_report_json": {"executed_lines": [328, 329, 330, 331], "summary": {"covered_lines": 4, "num_statements": 4, "percent_covered": 100.0, "percent_covered_display": "100.00", "missing_lines": 0, "excluded_lines": 0, "percent_statements_covered": 100.0, "percent_statements_covered_display": "100.00", "num_branches": 0, "num_partial_branches": 0, "covered_branches": 0, "missing_branches": 0, "percent_branches_covered": 100.0, "percent_branches_covered_display": "100.00"}, "missing_lines": [], "excluded_lines": [], "start_line": 317, "executed_branches": [], "missing_branches": []}, "evaluate_alerts_dry_run": {"executed_lines": [349, 350], "summary": {"covered_lines": 2, "num_statements": 2, "percent_covered": 100.0, "percent_covered_display": "100.00", "missing_lines": 0, "excluded_lines": 0, "percent_statements_covered": 100.0, "percent_statements_covered_display": "100.00", "num_branches": 0, "num_partial_branches": 0, "covered_branches": 0, "missing_branches": 0, "percent_branches_covered": 100.0, "percent_branches_covered_display": "100.00"}, "missing_lines": [], "excluded_lines": [], "start_line": 334, "executed_branches": [], "missing_branches": []}, "": {"executed_lines": [11, 13, 14, 15, 16, 17, 18, 20, 26, 36, 37, 40, 41, 42, 43, 44, 45, 46, 47, 48, 49, 51, 67, 68, 71, 72, 73, 74, 75, 76, 78, 90, 93, 101, 132, 182, 223, 263, 317, 334], "summary": {"covered_lines": 40, "num_statements": 40, "percent_covered": 100.0, "percent_covered_display": "100.00", "missing_lines": 0, "excluded_lines": 1, "percent_statements_covered": 100.0, "percent_statements_covered_display": "100.00", "num_branches": 0, "num_partial_branches": 0, "covered_branches": 0, "missing_branches": 0, "percent_branches_covered": 100.0, "percent_branches_covered_display": "100.00"}, "missing_lines": [], "excluded_lines": [33], "start_line": 1, "executed_branches": [], "missing_branches": []}}, "classes": {"AlertDryRunResult": {"executed_lines": [53], "summary": {"covered_lines": 1, "num_statements": 1, "percent_covered": 100.0, "percent_covered_display": "100.00", "missing_lines": 0, "excluded_lines": 0, "percent_statements_covered": 100.0, "percent_statements_covered_display": "100.00", "num_branches": 0, "num_partial_branches": 0, "covered_branches": 0, "missing_branches": 0, "percent_branches_covered": 100.0, "percent_branches_covered_display": "100.00"}, "missing_lines": [], "excluded_lines": [], "start_line": 37, "executed_branches": [], "missing_branches": []}, "AlertValidationReport": {"executed_lines": [80], "summary": {"covered_lines": 1, "num_statements": 1, "percent_covered": 100.0, "percent_covered_display": "100.00", "missing_lines": 0, "excluded_lines": 0, "percent_statements_covered": 100.0, "percent_statements_covered_display": "100.00", "num_branches": 0, "num_partial_branches": 0, "covered_branches": 0, "missing_branches": 0, "percent_branches_covered": 100.0, "percent_branches_covered_display": "100.00"}, "missing_lines": [], "excluded_lines": [], "start_line": 68, "executed_branches": [], "missing_branches": []}, "AlertValidator": {"executed_lines": [98, 99, 107, 110, 111, 112, 117, 118, 119, 122, 123, 130, 148, 149, 150, 151, 154, 157, 158, 165, 166, 167, 169, 197, 200, 201, 203, 204, 209, 210, 211, 212, 214, 235, 237, 238, 239, 247, 248, 249, 250, 251, 253, 261, 272, 285, 286, 287, 292, 293, 294, 295, 296, 297, 298, 301, 312, 314, 315, 328, 329, 330, 331], "summary": {"covered_lines": 63, "num_statements": 69, "percent_covered": 87.1559633027523, "percent_covered_display": "87.16", "missing_lines": 6, "excluded_lines": 0, "percent_statements_covered": 91.30434782608695, "percent_statements_covered_display": "91.30", "num_branches": 40, "num_partial_branches": 6, "covered_branches": 32, "missing_branches": 8, "percent_branches_covered": 80.0, "percent_branches_covered_display": "80.00"}, "missing_lines": [124, 240, 245, 302, 309, 310], "excluded_lines": [], "start_line": 90, "executed_branches": [[110, 111], [110, 117], [111, 110], [111, 112], [117, 118], [117, 122], [118, 117], [118, 119], [122, 123], [122, 130], [123, 122], [149, 150], [149, 154], [203, 204], [203, 214], [209, 210], [211, 203], [211, 212], [237, 238], [237, 261], [239, 247], [248, 249], [248, 250], [250, 251], [285, 286], [285, 301], [292, 293], [294, 285], [294, 295], [296, 285], [296, 297], [301, 312]], "missing_branches": [[123, 124], [209, 203], [239, 240], [250, 253], [292, 294], [301, 302], [309, 310], [309, 314]]}, "": {"executed_lines": [11, 13, 14, 15, 16, 17, 18, 20, 26, 36, 37, 40, 41, 42, 43, 44, 45, 46, 47, 48, 49, 51, 67, 68, 71, 72, 73, 74, 75, 76, 78, 90, 93, 101, 132, 182, 223, 263, 317, 334, 349, 350], "summary": {"covered_lines": 42, "num_statements": 42, "percent_covered": 100.0, "percent_covered_display": "100.00", "missing_lines": 0, "excluded_lines": 1, "percent_statements_covered": 100.0, "percent_statements_covered_display": "100.00", "num_branches": 0, "num_partial_branches": 0, "covered_branches": 0, "missing_branches": 0, "percent_branches_covered": 100.0, "percent_branches_covered_display": "100.00"}, "missing_lines": [], "excluded_lines": [33], "start_line": 1, "executed_branches": [], "missing_branches": []}}}, "src/operations_center/observer/artifact_writer.py": {"executed_lines": [12, 15, 16, 18, 19, 21, 22, 34, 38, 39, 40, 47, 48, 49, 50, 53, 73, 77, 78, 79, 82, 83], "summary": {"covered_lines": 22, "num_statements": 28, "percent_covered": 80.0, "percent_covered_display": "80.00", "missing_lines": 6, "excluded_lines": 0, "percent_statements_covered": 78.57142857142857, "percent_statements_covered_display": "78.57", "num_branches": 2, "num_partial_branches": 0, "covered_branches": 2, "missing_branches": 0, "percent_branches_covered": 100.0, "percent_branches_covered_display": "100.00"}, "missing_lines": [3, 5, 7, 10, 11, 14], "excluded_lines": [], "executed_branches": [[77, 78], [77, 82]], "missing_branches": [], "functions": {"ObserverArtifactWriter.__init__": {"executed_lines": [12], "summary": {"covered_lines": 1, "num_statements": 1, "percent_covered": 100.0, "percent_covered_display": "100.00", "missing_lines": 0, "excluded_lines": 0, "percent_statements_covered": 100.0, "percent_statements_covered_display": "100.00", "num_branches": 0, "num_partial_branches": 0, "covered_branches": 0, "missing_branches": 0, "percent_branches_covered": 100.0, "percent_branches_covered_display": "100.00"}, "missing_lines": [], "excluded_lines": [], "start_line": 11, "executed_branches": [], "missing_branches": []}, "ObserverArtifactWriter.write": {"executed_lines": [15, 16, 18, 19, 21, 22, 34, 38, 39, 40, 47, 48, 49, 50, 53, 73, 77, 78, 79, 82, 83], "summary": {"covered_lines": 21, "num_statements": 21, "percent_covered": 100.0, "percent_covered_display": "100.00", "missing_lines": 0, "excluded_lines": 0, "percent_statements_covered": 100.0, "percent_statements_covered_display": "100.00", "num_branches": 2, "num_partial_branches": 0, "covered_branches": 2, "missing_branches": 0, "percent_branches_covered": 100.0, "percent_branches_covered_display": "100.00"}, "missing_lines": [], "excluded_lines": [], "start_line": 14, "executed_branches": [[77, 78], [77, 82]], "missing_branches": []}, "": {"executed_lines": [], "summary": {"covered_lines": 0, "num_statements": 6, "percent_covered": 0.0, "percent_covered_display": "0.00", "missing_lines": 6, "excluded_lines": 0, "percent_statements_covered": 0.0, "percent_statements_covered_display": "0.00", "num_branches": 0, "num_partial_branches": 0, "covered_branches": 0, "missing_branches": 0, "percent_branches_covered": 100.0, "percent_branches_covered_display": "100.00"}, "missing_lines": [3, 5, 7, 10, 11, 14], "excluded_lines": [], "start_line": 1, "executed_branches": [], "missing_branches": []}}, "classes": {"ObserverArtifactWriter": {"executed_lines": [12, 15, 16, 18, 19, 21, 22, 34, 38, 39, 40, 47, 48, 49, 50, 53, 73, 77, 78, 79, 82, 83], "summary": {"covered_lines": 22, "num_statements": 22, "percent_covered": 100.0, "percent_covered_display": "100.00", "missing_lines": 0, "excluded_lines": 0, "percent_statements_covered": 100.0, "percent_statements_covered_display": "100.00", "num_branches": 2, "num_partial_branches": 0, "covered_branches": 2, "missing_branches": 0, "percent_branches_covered": 100.0, "percent_branches_covered_display": "100.00"}, "missing_lines": [], "excluded_lines": [], "start_line": 10, "executed_branches": [[77, 78], [77, 82]], "missing_branches": []}, "": {"executed_lines": [], "summary": {"covered_lines": 0, "num_statements": 6, "percent_covered": 0.0, "percent_covered_display": "0.00", "missing_lines": 6, "excluded_lines": 0, "percent_statements_covered": 0.0, "percent_statements_covered_display": "0.00", "num_branches": 0, "num_partial_branches": 0, "covered_branches": 0, "missing_branches": 0, "percent_branches_covered": 100.0, "percent_branches_covered_display": "100.00"}, "missing_lines": [3, 5, 7, 10, 11, 14], "excluded_lines": [], "start_line": 1, "executed_branches": [], "missing_branches": []}}}, "src/operations_center/observer/collectors/__init__.py": {"executed_lines": [], "summary": {"covered_lines": 0, "num_statements": 3, "percent_covered": 0.0, "percent_covered_display": "0.00", "missing_lines": 3, "excluded_lines": 0, "percent_statements_covered": 0.0, "percent_statements_covered_display": "0.00", "num_branches": 0, "num_partial_branches": 0, "covered_branches": 0, "missing_branches": 0, "percent_branches_covered": 100.0, "percent_branches_covered_display": "100.00"}, "missing_lines": [9, 10, 12], "excluded_lines": [], "executed_branches": [], "missing_branches": [], "functions": {"": {"executed_lines": [], "summary": {"covered_lines": 0, "num_statements": 3, "percent_covered": 0.0, "percent_covered_display": "0.00", "missing_lines": 3, "excluded_lines": 0, "percent_statements_covered": 0.0, "percent_statements_covered_display": "0.00", "num_branches": 0, "num_partial_branches": 0, "covered_branches": 0, "missing_branches": 0, "percent_branches_covered": 100.0, "percent_branches_covered_display": "100.00"}, "missing_lines": [9, 10, 12], "excluded_lines": [], "start_line": 1, "executed_branches": [], "missing_branches": []}}, "classes": {"": {"executed_lines": [], "summary": {"covered_lines": 0, "num_statements": 3, "percent_covered": 0.0, "percent_covered_display": "0.00", "missing_lines": 3, "excluded_lines": 0, "percent_statements_covered": 0.0, "percent_statements_covered_display": "0.00", "num_branches": 0, "num_partial_branches": 0, "covered_branches": 0, "missing_branches": 0, "percent_branches_covered": 100.0, "percent_branches_covered_display": "100.00"}, "missing_lines": [9, 10, 12], "excluded_lines": [], "start_line": 1, "executed_branches": [], "missing_branches": []}}}, "src/operations_center/observer/collectors/coverage_collector.py": {"executed_lines": [41, 52, 54, 55, 57, 58, 59, 66, 68, 69, 71, 93, 94, 95, 97, 98, 99, 101, 102, 103, 104, 115, 116, 117, 118, 119, 121, 122, 124, 126, 127, 128, 130, 131, 132, 138, 145, 146, 147, 148, 151, 154, 167, 195, 196, 197, 198, 199, 201, 202, 213, 214, 215, 216, 218, 229, 230, 231, 235, 236, 237, 238, 239, 240, 242, 250, 257, 258, 259, 263, 274, 295, 306, 311, 312, 313, 314, 330, 331, 333, 334, 335, 336, 338, 340, 356, 357, 359, 360, 364, 365, 370, 375, 391, 392, 394, 395, 399, 400, 405, 410, 422, 423, 424, 440, 441, 443, 444, 445, 446, 448, 450, 451, 463, 469, 470, 471, 473], "summary": {"covered_lines": 118, "num_statements": 150, "percent_covered": 83.01886792452831, "percent_covered_display": "83.02", "missing_lines": 32, "excluded_lines": 1, "percent_statements_covered": 78.66666666666667, "percent_statements_covered_display": "78.67", "num_branches": 62, "num_partial_branches": 4, "covered_branches": 58, "missing_branches": 4, "percent_branches_covered": 93.54838709677419, "percent_branches_covered_display": "93.55"}, "missing_lines": [9, 11, 12, 13, 14, 15, 17, 21, 22, 27, 34, 43, 87, 106, 182, 183, 184, 186, 204, 220, 244, 260, 261, 265, 283, 297, 316, 342, 377, 412, 427, 454], "excluded_lines": [24], "executed_branches": [[54, 55], [54, 57], [58, 59], [58, 68], [93, 94], [93, 97], [126, 127], [126, 145], [131, 132], [131, 138], [145, 146], [145, 167], [146, 147], [196, 197], [196, 202], [198, 199], [198, 201], [213, 214], [213, 215], [215, 216], [215, 218], [236, 237], [236, 242], [238, 239], [238, 240], [257, 258], [257, 263], [259, 257], [311, 312], [311, 314], [312, 313], [330, 331], [330, 333], [333, 334], [333, 335], [335, 336], [335, 338], [356, 357], [356, 359], [359, 360], [359, 364], [364, 365], [364, 370], [391, 392], [391, 394], [394, 395], [394, 399], [399, 400], [399, 405], [440, 441], [440, 443], [443, 444], [443, 445], [445, 446], [445, 448], [469, 470], [469, 473], [470, 471]], "missing_branches": [[146, 145], [259, 260], [312, 311], [470, 469]], "functions": {"CoverageCollector.__init__": {"executed_lines": [41], "summary": {"covered_lines": 1, "num_statements": 1, "percent_covered": 100.0, "percent_covered_display": "100.00", "missing_lines": 0, "excluded_lines": 0, "percent_statements_covered": 100.0, "percent_statements_covered_display": "100.00", "num_branches": 0, "num_partial_branches": 0, "covered_branches": 0, "missing_branches": 0, "percent_branches_covered": 100.0, "percent_branches_covered_display": "100.00"}, "missing_lines": [], "excluded_lines": [], "start_line": 34, "executed_branches": [], "missing_branches": []}, "CoverageCollector.collect": {"executed_lines": [52, 54, 55, 57, 58, 59, 66, 68, 69, 71], "summary": {"covered_lines": 10, "num_statements": 10, "percent_covered": 100.0, "percent_covered_display": "100.00", "missing_lines": 0, "excluded_lines": 0, "percent_statements_covered": 100.0, "percent_statements_covered_display": "100.00", "num_branches": 4, "num_partial_branches": 0, "covered_branches": 4, "missing_branches": 0, "percent_branches_covered": 100.0, "percent_branches_covered_display": "100.00"}, "missing_lines": [], "excluded_lines": [], "start_line": 43, "executed_branches": [[54, 55], [54, 57], [58, 59], [58, 68]], "missing_branches": []}, "CoverageCollector._load_coverage_snapshot": {"executed_lines": [93, 94, 95, 97, 98, 99, 101, 102, 103, 104], "summary": {"covered_lines": 10, "num_statements": 10, "percent_covered": 100.0, "percent_covered_display": "100.00", "missing_lines": 0, "excluded_lines": 0, "percent_statements_covered": 100.0, "percent_statements_covered_display": "100.00", "num_branches": 2, "num_partial_branches": 0, "covered_branches": 2, "missing_branches": 0, "percent_branches_covered": 100.0, "percent_branches_covered_display": "100.00"}, "missing_lines": [], "excluded_lines": [], "start_line": 87, "executed_branches": [[93, 94], [93, 97]], "missing_branches": []}, "CoverageCollector._parse_coverage_json": {"executed_lines": [115, 116, 117, 118, 119, 121, 122, 124, 126, 127, 128, 130, 131, 132, 138, 145, 146, 147, 148, 151, 154, 167], "summary": {"covered_lines": 22, "num_statements": 25, "percent_covered": 87.87878787878788, "percent_covered_display": "87.88", "missing_lines": 3, "excluded_lines": 0, "percent_statements_covered": 88.0, "percent_statements_covered_display": "88.00", "num_branches": 8, "num_partial_branches": 1, "covered_branches": 7, "missing_branches": 1, "percent_branches_covered": 87.5, "percent_branches_covered_display": "87.50"}, "missing_lines": [182, 183, 184], "excluded_lines": [], "start_line": 106, "executed_branches": [[126, 127], [126, 145], [131, 132], [131, 138], [145, 146], [145, 167], [146, 147]], "missing_branches": [[146, 145]]}, "CoverageCollector._extract_module_path": {"executed_lines": [195, 196, 197, 198, 199, 201, 202], "summary": {"covered_lines": 7, "num_statements": 7, "percent_covered": 100.0, "percent_covered_display": "100.00", "missing_lines": 0, "excluded_lines": 0, "percent_statements_covered": 100.0, "percent_statements_covered_display": "100.00", "num_branches": 4, "num_partial_branches": 0, "covered_branches": 4, "missing_branches": 0, "percent_branches_covered": 100.0, "percent_branches_covered_display": "100.00"}, "missing_lines": [], "excluded_lines": [], "start_line": 186, "executed_branches": [[196, 197], [196, 202], [198, 199], [198, 201]], "missing_branches": []}, "CoverageCollector._determine_health": {"executed_lines": [213, 214, 215, 216, 218], "summary": {"covered_lines": 5, "num_statements": 5, "percent_covered": 100.0, "percent_covered_display": "100.00", "missing_lines": 0, "excluded_lines": 0, "percent_statements_covered": 100.0, "percent_statements_covered_display": "100.00", "num_branches": 4, "num_partial_branches": 0, "covered_branches": 4, "missing_branches": 0, "percent_branches_covered": 100.0, "percent_branches_covered_display": "100.00"}, "missing_lines": [], "excluded_lines": [], "start_line": 204, "executed_branches": [[213, 214], [213, 215], [215, 216], [215, 218]], "missing_branches": []}, "CoverageCollector._generate_summary": {"executed_lines": [229, 230, 231, 235, 236, 237, 238, 239, 240, 242], "summary": {"covered_lines": 10, "num_statements": 10, "percent_covered": 100.0, "percent_covered_display": "100.00", "missing_lines": 0, "excluded_lines": 0, "percent_statements_covered": 100.0, "percent_statements_covered_display": "100.00", "num_branches": 4, "num_partial_branches": 0, "covered_branches": 4, "missing_branches": 0, "percent_branches_covered": 100.0, "percent_branches_covered_display": "100.00"}, "missing_lines": [], "excluded_lines": [], "start_line": 220, "executed_branches": [[236, 237], [236, 242], [238, 239], [238, 240]], "missing_branches": []}, "CoverageCollector._find_coverage_file": {"executed_lines": [250, 257, 258, 259, 263], "summary": {"covered_lines": 5, "num_statements": 7, "percent_covered": 72.72727272727273, "percent_covered_display": "72.73", "missing_lines": 2, "excluded_lines": 0, "percent_statements_covered": 71.42857142857143, "percent_statements_covered_display": "71.43", "num_branches": 4, "num_partial_branches": 1, "covered_branches": 3, "missing_branches": 1, "percent_branches_covered": 75.0, "percent_branches_covered_display": "75.00"}, "missing_lines": [260, 261], "excluded_lines": [], "start_line": 244, "executed_branches": [[257, 258], [257, 263], [259, 257]], "missing_branches": [[259, 260]]}, "CoverageCollector._validate_snapshot": {"executed_lines": [274], "summary": {"covered_lines": 1, "num_statements": 1, "percent_covered": 100.0, "percent_covered_display": "100.00", "missing_lines": 0, "excluded_lines": 0, "percent_statements_covered": 100.0, "percent_statements_covered_display": "100.00", "num_branches": 0, "num_partial_branches": 0, "covered_branches": 0, "missing_branches": 0, "percent_branches_covered": 100.0, "percent_branches_covered_display": "100.00"}, "missing_lines": [], "excluded_lines": [], "start_line": 265, "executed_branches": [], "missing_branches": []}, "CoverageCollector._filter_modules_by_health": {"executed_lines": [295], "summary": {"covered_lines": 1, "num_statements": 1, "percent_covered": 100.0, "percent_covered_display": "100.00", "missing_lines": 0, "excluded_lines": 0, "percent_statements_covered": 100.0, "percent_statements_covered_display": "100.00", "num_branches": 0, "num_partial_branches": 0, "covered_branches": 0, "missing_branches": 0, "percent_branches_covered": 100.0, "percent_branches_covered_display": "100.00"}, "missing_lines": [], "excluded_lines": [], "start_line": 283, "executed_branches": [], "missing_branches": []}, "CoverageCollector._count_by_health_status": {"executed_lines": [306, 311, 312, 313, 314], "summary": {"covered_lines": 5, "num_statements": 5, "percent_covered": 88.88888888888889, "percent_covered_display": "88.89", "missing_lines": 0, "excluded_lines": 0, "percent_statements_covered": 100.0, "percent_statements_covered_display": "100.00", "num_branches": 4, "num_partial_branches": 1, "covered_branches": 3, "missing_branches": 1, "percent_branches_covered": 75.0, "percent_branches_covered_display": "75.00"}, "missing_lines": [], "excluded_lines": [], "start_line": 297, "executed_branches": [[311, 312], [311, 314], [312, 313]], "missing_branches": [[312, 311]]}, "CoverageCollector._get_average_coverage": {"executed_lines": [330, 331, 333, 334, 335, 336, 338, 340], "summary": {"covered_lines": 8, "num_statements": 8, "percent_covered": 100.0, "percent_covered_display": "100.00", "missing_lines": 0, "excluded_lines": 0, "percent_statements_covered": 100.0, "percent_statements_covered_display": "100.00", "num_branches": 6, "num_partial_branches": 0, "covered_branches": 6, "missing_branches": 0, "percent_branches_covered": 100.0, "percent_branches_covered_display": "100.00"}, "missing_lines": [], "excluded_lines": [], "start_line": 316, "executed_branches": [[330, 331], [330, 333], [333, 334], [333, 335], [335, 336], [335, 338]], "missing_branches": []}, "CoverageCollector._get_min_coverage_module": {"executed_lines": [356, 357, 359, 360, 364, 365, 370, 375], "summary": {"covered_lines": 8, "num_statements": 8, "percent_covered": 100.0, "percent_covered_display": "100.00", "missing_lines": 0, "excluded_lines": 0, "percent_statements_covered": 100.0, "percent_statements_covered_display": "100.00", "num_branches": 6, "num_partial_branches": 0, "covered_branches": 6, "missing_branches": 0, "percent_branches_covered": 100.0, "percent_branches_covered_display": "100.00"}, "missing_lines": [], "excluded_lines": [], "start_line": 342, "executed_branches": [[356, 357], [356, 359], [359, 360], [359, 364], [364, 365], [364, 370]], "missing_branches": []}, "CoverageCollector._get_max_coverage_module": {"executed_lines": [391, 392, 394, 395, 399, 400, 405, 410], "summary": {"covered_lines": 8, "num_statements": 8, "percent_covered": 100.0, "percent_covered_display": "100.00", "missing_lines": 0, "excluded_lines": 0, "percent_statements_covered": 100.0, "percent_statements_covered_display": "100.00", "num_branches": 6, "num_partial_branches": 0, "covered_branches": 6, "missing_branches": 0, "percent_branches_covered": 100.0, "percent_branches_covered_display": "100.00"}, "missing_lines": [], "excluded_lines": [], "start_line": 377, "executed_branches": [[391, 392], [391, 394], [394, 395], [394, 399], [399, 400], [399, 405]], "missing_branches": []}, "CoverageCollector._should_alert_on_module": {"executed_lines": [422, 423, 424], "summary": {"covered_lines": 3, "num_statements": 3, "percent_covered": 100.0, "percent_covered_display": "100.00", "missing_lines": 0, "excluded_lines": 0, "percent_statements_covered": 100.0, "percent_statements_covered_display": "100.00", "num_branches": 0, "num_partial_branches": 0, "covered_branches": 0, "missing_branches": 0, "percent_branches_covered": 100.0, "percent_branches_covered_display": "100.00"}, "missing_lines": [], "excluded_lines": [], "start_line": 412, "executed_branches": [], "missing_branches": []}, "calculate_module_coverage_average": {"executed_lines": [440, 441, 443, 444, 445, 446, 448, 450, 451], "summary": {"covered_lines": 9, "num_statements": 9, "percent_covered": 100.0, "percent_covered_display": "100.00", "missing_lines": 0, "excluded_lines": 0, "percent_statements_covered": 100.0, "percent_statements_covered_display": "100.00", "num_branches": 6, "num_partial_branches": 0, "covered_branches": 6, "missing_branches": 0, "percent_branches_covered": 100.0, "percent_branches_covered_display": "100.00"}, "missing_lines": [], "excluded_lines": [], "start_line": 427, "executed_branches": [[440, 441], [440, 443], [443, 444], [443, 445], [445, 446], [445, 448]], "missing_branches": []}, "get_module_health_summary": {"executed_lines": [463, 469, 470, 471, 473], "summary": {"covered_lines": 5, "num_statements": 5, "percent_covered": 88.88888888888889, "percent_covered_display": "88.89", "missing_lines": 0, "excluded_lines": 0, "percent_statements_covered": 100.0, "percent_statements_covered_display": "100.00", "num_branches": 4, "num_partial_branches": 1, "covered_branches": 3, "missing_branches": 1, "percent_branches_covered": 75.0, "percent_branches_covered_display": "75.00"}, "missing_lines": [], "excluded_lines": [], "start_line": 454, "executed_branches": [[469, 470], [469, 473], [470, 471]], "missing_branches": [[470, 469]]}, "": {"executed_lines": [], "summary": {"covered_lines": 0, "num_statements": 27, "percent_covered": 0.0, "percent_covered_display": "0.00", "missing_lines": 27, "excluded_lines": 1, "percent_statements_covered": 0.0, "percent_statements_covered_display": "0.00", "num_branches": 0, "num_partial_branches": 0, "covered_branches": 0, "missing_branches": 0, "percent_branches_covered": 100.0, "percent_branches_covered_display": "100.00"}, "missing_lines": [9, 11, 12, 13, 14, 15, 17, 21, 22, 27, 34, 43, 87, 106, 186, 204, 220, 244, 265, 283, 297, 316, 342, 377, 412, 427, 454], "excluded_lines": [24], "start_line": 1, "executed_branches": [], "missing_branches": []}}, "classes": {"CoverageCollector": {"executed_lines": [41, 52, 54, 55, 57, 58, 59, 66, 68, 69, 71, 93, 94, 95, 97, 98, 99, 101, 102, 103, 104, 115, 116, 117, 118, 119, 121, 122, 124, 126, 127, 128, 130, 131, 132, 138, 145, 146, 147, 148, 151, 154, 167, 195, 196, 197, 198, 199, 201, 202, 213, 214, 215, 216, 218, 229, 230, 231, 235, 236, 237, 238, 239, 240, 242, 250, 257, 258, 259, 263, 274, 295, 306, 311, 312, 313, 314, 330, 331, 333, 334, 335, 336, 338, 340, 356, 357, 359, 360, 364, 365, 370, 375, 391, 392, 394, 395, 399, 400, 405, 410, 422, 423, 424], "summary": {"covered_lines": 104, "num_statements": 109, "percent_covered": 95.03105590062111, "percent_covered_display": "95.03", "missing_lines": 5, "excluded_lines": 0, "percent_statements_covered": 95.41284403669725, "percent_statements_covered_display": "95.41", "num_branches": 52, "num_partial_branches": 3, "covered_branches": 49, "missing_branches": 3, "percent_branches_covered": 94.23076923076923, "percent_branches_covered_display": "94.23"}, "missing_lines": [182, 183, 184, 260, 261], "excluded_lines": [], "start_line": 27, "executed_branches": [[54, 55], [54, 57], [58, 59], [58, 68], [93, 94], [93, 97], [126, 127], [126, 145], [131, 132], [131, 138], [145, 146], [145, 167], [146, 147], [196, 197], [196, 202], [198, 199], [198, 201], [213, 214], [213, 215], [215, 216], [215, 218], [236, 237], [236, 242], [238, 239], [238, 240], [257, 258], [257, 263], [259, 257], [311, 312], [311, 314], [312, 313], [330, 331], [330, 333], [333, 334], [333, 335], [335, 336], [335, 338], [356, 357], [356, 359], [359, 360], [359, 364], [364, 365], [364, 370], [391, 392], [391, 394], [394, 395], [394, 399], [399, 400], [399, 405]], "missing_branches": [[146, 145], [259, 260], [312, 311]]}, "": {"executed_lines": [440, 441, 443, 444, 445, 446, 448, 450, 451, 463, 469, 470, 471, 473], "summary": {"covered_lines": 14, "num_statements": 41, "percent_covered": 45.09803921568628, "percent_covered_display": "45.10", "missing_lines": 27, "excluded_lines": 1, "percent_statements_covered": 34.146341463414636, "percent_statements_covered_display": "34.15", "num_branches": 10, "num_partial_branches": 1, "covered_branches": 9, "missing_branches": 1, "percent_branches_covered": 90.0, "percent_branches_covered_display": "90.00"}, "missing_lines": [9, 11, 12, 13, 14, 15, 17, 21, 22, 27, 34, 43, 87, 106, 186, 204, 220, 244, 265, 283, 297, 316, 342, 377, 412, 427, 454], "excluded_lines": [24], "start_line": 1, "executed_branches": [[440, 441], [440, 443], [443, 444], [443, 445], [445, 446], [445, 448], [469, 470], [469, 473], [470, 471]], "missing_branches": [[470, 469]]}}}, "src/operations_center/observer/collectors/dependency_drift.py": {"executed_lines": [3, 5, 6, 7, 8, 10, 11, 12, 20, 21, 22, 23, 26, 28, 29, 39, 40, 41, 42, 48, 50, 51, 52, 59, 61, 62, 63, 66, 71, 78, 79, 80, 81, 82, 83, 88, 91, 92], "summary": {"covered_lines": 38, "num_statements": 46, "percent_covered": 81.48148148148148, "percent_covered_display": "81.48", "missing_lines": 8, "excluded_lines": 1, "percent_statements_covered": 82.6086956521739, "percent_statements_covered_display": "82.61", "num_branches": 8, "num_partial_branches": 2, "covered_branches": 6, "missing_branches": 2, "percent_branches_covered": 75.0, "percent_branches_covered_display": "75.00"}, "missing_lines": [24, 30, 31, 37, 84, 85, 86, 89], "excluded_lines": [17], "executed_branches": [[23, 26], [51, 52], [51, 61], [80, 81], [80, 88], [88, 91]], "missing_branches": [[23, 24], [88, 89]], "functions": {"DependencyDriftCollector.collect": {"executed_lines": [22, 23, 26, 28, 29, 39, 40, 41, 42, 48, 50, 51, 52, 59, 61, 62, 63, 66, 71], "summary": {"covered_lines": 19, "num_statements": 23, "percent_covered": 81.48148148148148, "percent_covered_display": "81.48", "missing_lines": 4, "excluded_lines": 0, "percent_statements_covered": 82.6086956521739, "percent_statements_covered_display": "82.61", "num_branches": 4, "num_partial_branches": 1, "covered_branches": 3, "missing_branches": 1, "percent_branches_covered": 75.0, "percent_branches_covered_display": "75.00"}, "missing_lines": [24, 30, 31, 37], "excluded_lines": [], "start_line": 21, "executed_branches": [[23, 26], [51, 52], [51, 61]], "missing_branches": [[23, 24]]}, "DependencyDriftCollector._latest_dependency_report": {"executed_lines": [79, 80, 81, 82, 83, 88, 91, 92], "summary": {"covered_lines": 8, "num_statements": 12, "percent_covered": 68.75, "percent_covered_display": "68.75", "missing_lines": 4, "excluded_lines": 0, "percent_statements_covered": 66.66666666666667, "percent_statements_covered_display": "66.67", "num_branches": 4, "num_partial_branches": 1, "covered_branches": 3, "missing_branches": 1, "percent_branches_covered": 75.0, "percent_branches_covered_display": "75.00"}, "missing_lines": [84, 85, 86, 89], "excluded_lines": [], "start_line": 78, "executed_branches": [[80, 81], [80, 88], [88, 91]], "missing_branches": [[88, 89]]}, "": {"executed_lines": [3, 5, 6, 7, 8, 10, 11, 12, 20, 21, 78], "summary": {"covered_lines": 11, "num_statements": 11, "percent_covered": 100.0, "percent_covered_display": "100.00", "missing_lines": 0, "excluded_lines": 1, "percent_statements_covered": 100.0, "percent_statements_covered_display": "100.00", "num_branches": 0, "num_partial_branches": 0, "covered_branches": 0, "missing_branches": 0, "percent_branches_covered": 100.0, "percent_branches_covered_display": "100.00"}, "missing_lines": [], "excluded_lines": [17], "start_line": 1, "executed_branches": [], "missing_branches": []}}, "classes": {"DependencyDriftCollector": {"executed_lines": [22, 23, 26, 28, 29, 39, 40, 41, 42, 48, 50, 51, 52, 59, 61, 62, 63, 66, 71, 79, 80, 81, 82, 83, 88, 91, 92], "summary": {"covered_lines": 27, "num_statements": 35, "percent_covered": 76.74418604651163, "percent_covered_display": "76.74", "missing_lines": 8, "excluded_lines": 0, "percent_statements_covered": 77.14285714285714, "percent_statements_covered_display": "77.14", "num_branches": 8, "num_partial_branches": 2, "covered_branches": 6, "missing_branches": 2, "percent_branches_covered": 75.0, "percent_branches_covered_display": "75.00"}, "missing_lines": [24, 30, 31, 37, 84, 85, 86, 89], "excluded_lines": [], "start_line": 20, "executed_branches": [[23, 26], [51, 52], [51, 61], [80, 81], [80, 88], [88, 91]], "missing_branches": [[23, 24], [88, 89]]}, "": {"executed_lines": [3, 5, 6, 7, 8, 10, 11, 12, 20, 21, 78], "summary": {"covered_lines": 11, "num_statements": 11, "percent_covered": 100.0, "percent_covered_display": "100.00", "missing_lines": 0, "excluded_lines": 1, "percent_statements_covered": 100.0, "percent_statements_covered_display": "100.00", "num_branches": 0, "num_partial_branches": 0, "covered_branches": 0, "missing_branches": 0, "percent_branches_covered": 100.0, "percent_branches_covered_display": "100.00"}, "missing_lines": [], "excluded_lines": [17], "start_line": 1, "executed_branches": [], "missing_branches": []}}}, "src/operations_center/observer/collectors/flaky_test_collector.py": {"executed_lines": [34, 45, 47, 48, 50, 51, 57, 58, 59, 60, 61, 63, 65, 66, 68, 93, 94, 97, 98, 100, 103, 104, 105, 107, 108, 109, 110, 112, 114, 115, 116, 117, 118, 119, 120, 121, 123, 124, 125, 126, 127, 128, 129, 130, 131, 132, 137, 148, 149, 167, 168, 169, 180, 181, 183, 184, 187, 188, 189, 191, 193, 194, 195, 196, 209, 211, 212, 213, 214, 216, 227, 229, 230, 232, 233, 236, 237, 239, 258, 259, 261, 263, 264, 266, 267, 269, 270, 272, 273, 275], "summary": {"covered_lines": 90, "num_statements": 113, "percent_covered": 83.63636363636364, "percent_covered_display": "83.64", "missing_lines": 23, "excluded_lines": 1, "percent_statements_covered": 79.64601769911505, "percent_statements_covered_display": "79.65", "num_branches": 52, "num_partial_branches": 4, "covered_branches": 48, "missing_branches": 4, "percent_branches_covered": 92.3076923076923, "percent_branches_covered_display": "92.31"}, "missing_lines": [8, 1
[...]
, 524], [523, 526], [527, 528], [527, 530], [530, 531], [530, 533], [534, 535], [534, 536], [536, 537], [536, 539], [539, 540], [539, 548], [541, 542], [541, 545], [545, 546], [545, 548]], "missing_branches": [[380, 386], [409, 410], [476, 477]], "functions": {"ParseError.__str__": {"executed_lines": [35, 36, 37], "summary": {"covered_lines": 3, "num_statements": 3, "percent_covered": 100.0, "percent_covered_display": "100.00", "missing_lines": 0, "excluded_lines": 0, "percent_statements_covered": 100.0, "percent_statements_covered_display": "100.00", "num_branches": 2, "num_partial_branches": 0, "covered_branches": 2, "missing_branches": 0, "percent_branches_covered": 100.0, "percent_branches_covered_display": "100.00"}, "missing_lines": [], "excluded_lines": [], "start_line": 34, "executed_branches": [[35, 36], [35, 37]], "missing_branches": []}, "ArtifactValidator.type_check": {"executed_lines": [65, 66, 69], "summary": {"covered_lines": 3, "num_statements": 3, "percent_covered": 100.0, "percent_covered_display": "100.00", "missing_lines": 0, "excluded_lines": 0, "percent_statements_covered": 100.0, "percent_statements_covered_display": "100.00", "num_branches": 2, "num_partial_branches": 0, "covered_branches": 2, "missing_branches": 0, "percent_branches_covered": 100.0, "percent_branches_covered_display": "100.00"}, "missing_lines": [], "excluded_lines": [], "start_line": 54, "executed_branches": [[65, 66], [65, 69]], "missing_branches": []}, "ArtifactValidator.enum_check": {"executed_lines": [83, 84, 85], "summary": {"covered_lines": 3, "num_statements": 3, "percent_covered": 100.0, "percent_covered_display": "100.00", "missing_lines": 0, "excluded_lines": 0, "percent_statements_covered": 100.0, "percent_statements_covered_display": "100.00", "num_branches": 2, "num_partial_branches": 0, "covered_branches": 2, "missing_branches": 0, "percent_branches_covered": 100.0, "percent_branches_covered_display": "100.00"}, "missing_lines": [], "excluded_lines": [], "start_line": 72, "executed_branches": [[83, 84], [83, 85]], "missing_branches": []}, "ArtifactValidator.range_check": {"executed_lines": [100, 101, 102], "summary": {"covered_lines": 3, "num_statements": 3, "percent_covered": 100.0, "percent_covered_display": "100.00", "missing_lines": 0, "excluded_lines": 0, "percent_statements_covered": 100.0, "percent_statements_covered_display": "100.00", "num_branches": 2, "num_partial_branches": 0, "covered_branches": 2, "missing_branches": 0, "percent_branches_covered": 100.0, "percent_branches_covered_display": "100.00"}, "missing_lines": [], "excluded_lines": [], "start_line": 88, "executed_branches": [[100, 101], [100, 102]], "missing_branches": []}, "ArtifactValidator.safe_get": {"executed_lines": [118, 119, 120, 121, 122, 123, 124, 125], "summary": {"covered_lines": 8, "num_statements": 8, "percent_covered": 100.0, "percent_covered_display": "100.00", "missing_lines": 0, "excluded_lines": 0, "percent_statements_covered": 100.0, "percent_statements_covered_display": "100.00", "num_branches": 6, "num_partial_branches": 0, "covered_branches": 6, "missing_branches": 0, "percent_branches_covered": 100.0, "percent_branches_covered_display": "100.00"}, "missing_lines": [], "excluded_lines": [], "start_line": 105, "executed_branches": [[119, 120], [119, 125], [120, 121], [120, 122], [123, 119], [123, 124]], "missing_branches": []}, "ArtifactValidator.required_field": {"executed_lines": [141, 142, 144, 145, 146, 147, 151], "summary": {"covered_lines": 7, "num_statements": 7, "percent_covered": 100.0, "percent_covered_display": "100.00", "missing_lines": 0, "excluded_lines": 0, "percent_statements_covered": 100.0, "percent_statements_covered_display": "100.00", "num_branches": 6, "num_partial_branches": 0, "covered_branches": 6, "missing_branches": 0, "percent_branches_covered": 100.0, "percent_branches_covered_display": "100.00"}, "missing_lines": [], "excluded_lines": [], "start_line": 128, "executed_branches": [[141, 142], [141, 144], [145, 146], [145, 151], [146, 147], [146, 151]], "missing_branches": []}, "ArtifactValidator.is_nonempty_string": {"executed_lines": [163], "summary": {"covered_lines": 1, "num_statements": 1, "percent_covered": 100.0, "percent_covered_display": "100.00", "missing_lines": 0, "excluded_lines": 0, "percent_statements_covered": 100.0, "percent_statements_covered_display": "100.00", "num_branches": 0, "num_partial_branches": 0, "covered_branches": 0, "missing_branches": 0, "percent_branches_covered": 100.0, "percent_branches_covered_display": "100.00"}, "missing_lines": [], "excluded_lines": [], "start_line": 154, "executed_branches": [], "missing_branches": []}, "ArtifactValidator.log_parse_error": {"executed_lines": [180, 181, 183, 184, 185, 187, 197, 198, 205, 211, 212, 213, 225, 226], "summary": {"covered_lines": 14, "num_statements": 14, "percent_covered": 100.0, "percent_covered_display": "100.00", "missing_lines": 0, "excluded_lines": 0, "percent_statements_covered": 100.0, "percent_statements_covered_display": "100.00", "num_branches": 6, "num_partial_branches": 0, "covered_branches": 6, "missing_branches": 0, "percent_branches_covered": 100.0, "percent_branches_covered_display": "100.00"}, "missing_lines": [], "excluded_lines": [], "start_line": 166, "executed_branches": [[180, 181], [180, 183], [197, 198], [197, 205], [211, -165], [211, 212]], "missing_branches": []}, "ArtifactValidator.log_structure_error": {"executed_lines": [245, 246, 248, 260, 266, 267, 268, 280, 281], "summary": {"covered_lines": 9, "num_statements": 9, "percent_covered": 100.0, "percent_covered_display": "100.00", "missing_lines": 0, "excluded_lines": 0, "percent_statements_covered": 100.0, "percent_statements_covered_display": "100.00", "num_branches": 4, "num_partial_branches": 0, "covered_branches": 4, "missing_branches": 0, "percent_branches_covered": 100.0, "percent_branches_covered_display": "100.00"}, "missing_lines": [], "excluded_lines": [], "start_line": 229, "executed_branches": [[245, 246], [245, 248], [266, -228], [266, 267]], "missing_branches": []}, "ArtifactValidator.log_io_error": {"executed_lines": [298, 299, 301, 303, 304, 306, 316, 323, 324, 325, 337, 338], "summary": {"covered_lines": 12, "num_statements": 12, "percent_covered": 100.0, "percent_covered_display": "100.00", "missing_lines": 0, "excluded_lines": 1, "percent_statements_covered": 100.0, "percent_statements_covered_display": "100.00", "num_branches": 4, "num_partial_branches": 0, "covered_branches": 4, "missing_branches": 0, "percent_branches_covered": 100.0, "percent_branches_covered_display": "100.00"}, "missing_lines": [], "excluded_lines": [302], "start_line": 284, "executed_branches": [[298, 299], [298, 301], [323, -283], [323, 324]], "missing_branches": []}, "ExecutionOutcomeValidator.validate": {"executed_lines": [354, 355, 357, 358, 359, 361, 362, 364, 365, 366, 368, 369, 377, 378, 380, 381, 382, 383, 384, 386], "summary": {"covered_lines": 20, "num_statements": 20, "percent_covered": 97.22222222222223, "percent_covered_display": "97.22", "missing_lines": 0, "excluded_lines": 0, "percent_statements_covered": 100.0, "percent_statements_covered_display": "100.00", "num_branches": 16, "num_partial_branches": 1, "covered_branches": 15, "missing_branches": 1, "percent_branches_covered": 93.75, "percent_branches_covered_display": "93.75"}, "missing_lines": [], "excluded_lines": [], "start_line": 345, "executed_branches": [[354, 355], [354, 357], [358, 359], [358, 361], [361, 362], [361, 364], [365, 366], [365, 368], [377, 378], [377, 380], [380, 381], [381, 382], [381, 383], [383, 384], [383, 386]], "missing_branches": [[380, 386]]}, "RequestValidator.validate": {"executed_lines": [402, 403, 405, 406, 407, 409, 412], "summary": {"covered_lines": 7, "num_statements": 8, "percent_covered": 85.71428571428571, "percent_covered_display": "85.71", "missing_lines": 1, "excluded_lines": 0, "percent_statements_covered": 87.5, "percent_statements_covered_display": "87.50", "num_branches": 6, "num_partial_branches": 1, "covered_branches": 5, "missing_branches": 1, "percent_branches_covered": 83.33333333333333, "percent_branches_covered_display": "83.33"}, "missing_lines": [410], "excluded_lines": [], "start_line": 393, "executed_branches": [[402, 403], [402, 405], [406, 407], [406, 409], [409, 412]], "missing_branches": [[409, 410]]}, "ValidationHistoryValidator.validate": {"executed_lines": [428, 429, 431, 432, 433, 435, 436, 437, 438, 439, 440, 441, 442, 443, 444, 445, 447, 448, 449, 450, 452], "summary": {"covered_lines": 21, "num_statements": 21, "percent_covered": 100.0, "percent_covered_display": "100.00", "missing_lines": 0, "excluded_lines": 0, "percent_statements_covered": 100.0, "percent_statements_covered_display": "100.00", "num_branches": 20, "num_partial_branches": 0, "covered_branches": 20, "missing_branches": 0, "percent_branches_covered": 100.0, "percent_branches_covered_display": "100.00"}, "missing_lines": [], "excluded_lines": [], "start_line": 419, "executed_branches": [[428, 429], [428, 431], [432, 433], [432, 435], [435, 436], [435, 447], [437, 438], [437, 439], [439, 440], [439, 447], [440, 441], [440, 442], [442, 439], [442, 443], [444, 439], [444, 445], [447, 448], [447, 452], [449, 450], [449, 452]], "missing_branches": []}, "DependencyReportValidator.validate": {"executed_lines": [468, 469, 471, 472, 473, 475, 476, 479, 480, 481, 483, 484, 485, 486, 489, 490, 491, 496], "summary": {"covered_lines": 18, "num_statements": 19, "percent_covered": 94.28571428571429, "percent_covered_display": "94.29", "missing_lines": 1, "excluded_lines": 0, "percent_statements_covered": 94.73684210526316, "percent_statements_covered_display": "94.74", "num_branches": 16, "num_partial_branches": 1, "covered_branches": 15, "missing_branches": 1, "percent_branches_covered": 93.75, "percent_branches_covered_display": "93.75"}, "missing_lines": [477], "excluded_lines": [], "start_line": 459, "executed_branches": [[468, 469], [468, 471], [472, 473], [472, 475], [476, 479], [479, 480], [479, 496], [480, 481], [480, 483], [483, 479], [483, 484], [485, 486], [485, 489], [490, 479], [490, 491]], "missing_branches": [[476, 477]]}, "LintItemValidator.validate": {"executed_lines": [513, 514, 516, 517, 519, 520, 521, 523, 524, 526, 527, 528, 530, 531, 533, 534, 535, 536, 537, 539, 540, 541, 542, 545, 546, 548], "summary": {"covered_lines": 26, "num_statements": 26, "percent_covered": 100.0, "percent_covered_display": "100.00", "missing_lines": 0, "excluded_lines": 0, "percent_statements_covered": 100.0, "percent_statements_covered_display": "100.00", "num_branches": 22, "num_partial_branches": 0, "covered_branches": 22, "missing_branches": 0, "percent_branches_covered": 100.0, "percent_branches_covered_display": "100.00"}, "missing_lines": [], "excluded_lines": [], "start_line": 503, "executed_branches": [[513, 514], [513, 516], [516, 517], [516, 519], [520, 521], [520, 523], [523, 524], [523, 526], [527, 528], [527, 530], [530, 531], [530, 533], [534, 535], [534, 536], [536, 537], [536, 539], [539, 540], [539, 548], [541, 542], [541, 545], [545, 546], [545, 548]], "missing_branches": []}, "": {"executed_lines": [], "summary": {"covered_lines": 0, "num_statements": 54, "percent_covered": 0.0, "percent_covered_display": "0.00", "missing_lines": 54, "excluded_lines": 1, "percent_statements_covered": 0.0, "percent_statements_covered_display": "0.00", "num_branches": 0, "num_partial_branches": 0, "covered_branches": 0, "missing_branches": 0, "percent_branches_covered": 100.0, "percent_branches_covered_display": "100.00"}, "missing_lines": [13, 15, 16, 17, 18, 19, 20, 25, 26, 29, 30, 31, 32, 34, 40, 41, 44, 45, 46, 47, 50, 53, 54, 71, 72, 87, 88, 104, 105, 127, 128, 153, 154, 165, 166, 228, 229, 283, 284, 341, 344, 345, 389, 392, 393, 415, 418, 419, 455, 458, 459, 499, 502, 503], "excluded_lines": [22], "start_line": 1, "executed_branches": [], "missing_branches": []}}, "classes": {"ParseError": {"executed_lines": [35, 36, 37], "summary": {"covered_lines": 3, "num_statements": 3, "percent_covered": 100.0, "percent_covered_display": "100.00", "missing_lines": 0, "excluded_lines": 0, "percent_statements_covered": 100.0, "percent_statements_covered_display": "100.00", "num_branches": 2, "num_partial_branches": 0, "covered_branches": 2, "missing_branches": 0, "percent_branches_covered": 100.0, "percent_branches_covered_display": "100.00"}, "missing_lines": [], "excluded_lines": [], "start_line": 26, "executed_branches": [[35, 36], [35, 37]], "missing_branches": []}, "ParseErrorMetadata": {"executed_lines": [], "summary": {"covered_lines": 0, "num_statements": 0, "percent_covered": 100.0, "percent_covered_display": "100.00", "missing_lines": 0, "excluded_lines": 0, "percent_statements_covered": 100.0, "percent_statements_covered_display": "100.00", "num_branches": 0, "num_partial_branches": 0, "covered_branches": 0, "missing_branches": 0, "percent_branches_covered": 100.0, "percent_branches_covered_display": "100.00"}, "missing_lines": [], "excluded_lines": [], "start_line": 41, "executed_branches": [], "missing_branches": []}, "ArtifactValidator": {"executed_lines": [65, 66, 69, 83, 84, 85, 100, 101, 102, 118, 119, 120, 121, 122, 123, 124, 125, 141, 142, 144, 145, 146, 147, 151, 163, 180, 181, 183, 184, 185, 187, 197, 198, 205, 211, 212, 213, 225, 226, 245, 246, 248, 260, 266, 267, 268, 280, 281, 298, 299, 301, 303, 304, 306, 316, 323, 324, 325, 337, 338], "summary": {"covered_lines": 60, "num_statements": 60, "percent_covered": 100.0, "percent_covered_display": "100.00", "missing_lines": 0, "excluded_lines": 1, "percent_statements_covered": 100.0, "percent_statements_covered_display": "100.00", "num_branches": 32, "num_partial_branches": 0, "covered_branches": 32, "missing_branches": 0, "percent_branches_covered": 100.0, "percent_branches_covered_display": "100.00"}, "missing_lines": [], "excluded_lines": [302], "start_line": 50, "executed_branches": [[65, 66], [65, 69], [83, 84], [83, 85], [100, 101], [100, 102], [119, 120], [119, 125], [120, 121], [120, 122], [123, 119], [123, 124], [141, 142], [141, 144], [145, 146], [145, 151], [146, 147], [146, 151], [180, 181], [180, 183], [197, 198], [197, 205], [211, -165], [211, 212], [245, 246], [245, 248], [266, -228], [266, 267], [298, 299], [298, 301], [323, -283], [323, 324]], "missing_branches": []}, "ExecutionOutcomeValidator": {"executed_lines": [354, 355, 357, 358, 359, 361, 362, 364, 365, 366, 368, 369, 377, 378, 380, 381, 382, 383, 384, 386], "summary": {"covered_lines": 20, "num_statements": 20, "percent_covered": 97.22222222222223, "percent_covered_display": "97.22", "missing_lines": 0, "excluded_lines": 0, "percent_statements_covered": 100.0, "percent_statements_covered_display": "100.00", "num_branches": 16, "num_partial_branches": 1, "covered_branches": 15, "missing_branches": 1, "percent_branches_covered": 93.75, "percent_branches_covered_display": "93.75"}, "missing_lines": [], "excluded_lines": [], "start_line": 341, "executed_branches": [[354, 355], [354, 357], [358, 359], [358, 361], [361, 362], [361, 364], [365, 366], [365, 368], [377, 378], [377, 380], [380, 381], [381, 382], [381, 383], [383, 384], [383, 386]], "missing_branches": [[380, 386]]}, "RequestValidator": {"executed_lines": [402, 403, 405, 406, 407, 409, 412], "summary": {"covered_lines": 7, "num_statements": 8, "percent_covered": 85.71428571428571, "percent_covered_display": "85.71", "missing_lines": 1, "excluded_lines": 0, "percent_statements_covered": 87.5, "percent_statements_covered_display": "87.50", "num_branches": 6, "num_partial_branches": 1, "covered_branches": 5, "missing_branches": 1, "percent_branches_covered": 83.33333333333333, "percent_branches_covered_display": "83.33"}, "missing_lines": [410], "excluded_lines": [], "start_line": 389, "executed_branches": [[402, 403], [402, 405], [406, 407], [406, 409], [409, 412]], "missing_branches": [[409, 410]]}, "ValidationHistoryValidator": {"executed_lines": [428, 429, 431, 432, 433, 435, 436, 437, 438, 439, 440, 441, 442, 443, 444, 445, 447, 448, 449, 450, 452], "summary": {"covered_lines": 21, "num_statements": 21, "percent_covered": 100.0, "percent_covered_display": "100.00", "missing_lines": 0, "excluded_lines": 0, "percent_statements_covered": 100.0, "percent_statements_covered_display": "100.00", "num_branches": 20, "num_partial_branches": 0, "covered_branches": 20, "missing_branches": 0, "percent_branches_covered": 100.0, "percent_branches_covered_display": "100.00"}, "missing_lines": [], "excluded_lines": [], "start_line": 415, "executed_branches": [[428, 429], [428, 431], [432, 433], [432, 435], [435, 436], [435, 447], [437, 438], [437, 439], [439, 440], [439, 447], [440, 441], [440, 442], [442, 439], [442, 443], [444, 439], [444, 445], [447, 448], [447, 452], [449, 450], [449, 452]], "missing_branches": []}, "DependencyReportValidator": {"executed_lines": [468, 469, 471, 472, 473, 475, 476, 479, 480, 481, 483, 484, 485, 486, 489, 490, 491, 496], "summary": {"covered_lines": 18, "num_statements": 19, "percent_covered": 94.28571428571429, "percent_covered_display": "94.29", "missing_lines": 1, "excluded_lines": 0, "percent_statements_covered": 94.73684210526316, "percent_statements_covered_display": "94.74", "num_branches": 16, "num_partial_branches": 1, "covered_branches": 15, "missing_branches": 1, "percent_branches_covered": 93.75, "percent_branches_covered_display": "93.75"}, "missing_lines": [477], "excluded_lines": [], "start_line": 455, "executed_branches": [[468, 469], [468, 471], [472, 473], [472, 475], [476, 479], [479, 480], [479, 496], [480, 481], [480, 483], [483, 479], [483, 484], [485, 486], [485, 489], [490, 479], [490, 491]], "missing_branches": [[476, 477]]}, "LintItemValidator": {"executed_lines": [513, 514, 516, 517, 519, 520, 521, 523, 524, 526, 527, 528, 530, 531, 533, 534, 535, 536, 537, 539, 540, 541, 542, 545, 546, 548], "summary": {"covered_lines": 26, "num_statements": 26, "percent_covered": 100.0, "percent_covered_display": "100.00", "missing_lines": 0, "excluded_lines": 0, "percent_statements_covered": 100.0, "percent_statements_covered_display": "100.00", "num_branches": 22, "num_partial_branches": 0, "covered_branches": 22, "missing_branches": 0, "percent_branches_covered": 100.0, "percent_branches_covered_display": "100.00"}, "missing_lines": [], "excluded_lines": [], "start_line": 499, "executed_branches": [[513, 514], [513, 516], [516, 517], [516, 519], [520, 521], [520, 523], [523, 524], [523, 526], [527, 528], [527, 530], [530, 531], [530, 533], [534, 535], [534, 536], [536, 537], [536, 539], [539, 540], [539, 548], [541, 542], [541, 545], [545, 546], [545, 548]], "missing_branches": []}, "": {"executed_lines": [], "summary": {"covered_lines": 0, "num_statements": 54, "percent_covered": 0.0, "percent_covered_display": "0.00", "missing_lines": 54, "excluded_lines": 1, "percent_statements_covered": 0.0, "percent_statements_covered_display": "0.00", "num_branches": 0, "num_partial_branches": 0, "covered_branches": 0, "missing_branches": 0, "percent_branches_covered": 100.0, "percent_branches_covered_display": "100.00"}, "missing_lines": [13, 15, 16, 17, 18, 19, 20, 25, 26, 29, 30, 31, 32, 34, 40, 41, 44, 45, 46, 47, 50, 53, 54, 71, 72, 87, 88, 104, 105, 127, 128, 153, 154, 165, 166, 228, 229, 283, 284, 341, 344, 345, 389, 392, 393, 415, 418, 419, 455, 458, 459, 499, 502, 503], "excluded_lines": [22], "start_line": 1, "executed_branches": [], "missing_branches": []}}}}, "totals": {"covered_lines": 3391, "num_statements": 5464, "percent_covered": 65.55462885738115, "percent_covered_display": "65.55", "missing_lines": 2073, "excluded_lines": 144, "percent_statements_covered": 62.06076134699853, "percent_statements_covered_display": "62.06", "num_branches": 1730, "num_partial_branches": 213, "covered_branches": 1325, "missing_branches": 405, "percent_branches_covered": 76.58959537572254, "percent_branches_covered_display": "76.59"}}